{"/home/talentwell/symphony-workspaces/ENG-86/apps/web/postcss.config.js": {"path":"/home/talentwell/symphony-workspaces/ENG-86/apps/web/postcss.config.js","all":true,"statementMap":{"0":{"start":{"line":1,"column":0},"end":{"line":1,"column":16}},"1":{"start":{"line":2,"column":0},"end":{"line":2,"column":12}},"2":{"start":{"line":3,"column":0},"end":{"line":3,"column":20}},"3":{"start":{"line":4,"column":0},"end":{"line":4,"column":21}},"4":{"start":{"line":5,"column":0},"end":{"line":5,"column":4}},"5":{"start":{"line":6,"column":0},"end":{"line":6,"column":2}}},"s":{"0":0,"1":0,"2":0,"3":0,"4":0,"5":0},"branchMap":{"0":{"type":"branch","line":1,"loc":{"start":{"line":1,"column":0},"end":{"line":6,"column":-11}},"locations":[{"start":{"line":1,"column":0},"end":{"line":6,"column":-11}}]}},"b":{"0":[0]},"fnMap":{"0":{"name":"(empty-report)","decl":{"start":{"line":1,"column":0},"end":{"line":6,"column":-11}},"loc":{"start":{"line":1,"column":0},"end":{"line":6,"column":-11}},"line":1}},"f":{"0":0}}
,"/home/talentwell/symphony-workspaces/ENG-86/apps/web/tailwind.config.js": {"path":"/home/talentwell/symphony-workspaces/ENG-86/apps/web/tailwind.config.js","all":true,"statementMap":{"0":{"start":{"line":1,"column":0},"end":{"line":1,"column":43}},"1":{"start":{"line":2,"column":0},"end":{"line":2,"column":16}},"2":{"start":{"line":3,"column":0},"end":{"line":3,"column":58}},"3":{"start":{"line":4,"column":0},"end":{"line":4,"column":10}},"4":{"start":{"line":5,"column":0},"end":{"line":5,"column":15}},"5":{"start":{"line":6,"column":0},"end":{"line":6,"column":4}},"6":{"start":{"line":7,"column":0},"end":{"line":7,"column":32}},"7":{"start":{"line":8,"column":0},"end":{"line":8,"column":12}},"8":{"start":{"line":9,"column":0},"end":{"line":9,"column":22}},"9":{"start":{"line":10,"column":0},"end":{"line":10,"column":4}},"10":{"start":{"line":11,"column":0},"end":{"line":11,"column":2}}},"s":{"0":0,"1":0,"2":0,"3":0,"4":0,"5":0,"6":0,"7":0,"8":0,"9":0,"10":0},"branchMap":{"0":{"type":"branch","line":1,"loc":{"start":{"line":1,"column":0},"end":{"line":11,"column":-9}},"locations":[{"start":{"line":1,"column":0},"end":{"line":11,"column":-9}}]}},"b":{"0":[0]},"fnMap":{"0":{"name":"(empty-report)","decl":{"start":{"line":1,"column":0},"end":{"line":11,"column":-9}},"loc":{"start":{"line":1,"column":0},"end":{"line":11,"column":-9}},"line":1}},"f":{"0":0}}
,"/home/talentwell/symphony-workspaces/ENG-86/apps/web/src/App.tsx": {"path":"/home/talentwell/symphony-workspaces/ENG-86/apps/web/src/App.tsx","all":false,"statementMap":{"0":{"start":{"line":1,"column":0},"end":{"line":1,"column":74}},"1":{"start":{"line":2,"column":0},"end":{"line":2,"column":73}},"2":{"start":{"line":3,"column":0},"end":{"line":3,"column":47}},"3":{"start":{"line":4,"column":0},"end":{"line":4,"column":57}},"4":{"start":{"line":5,"column":0},"end":{"line":5,"column":41}},"5":{"start":{"line":6,"column":0},"end":{"line":6,"column":42}},"6":{"start":{"line":7,"column":0},"end":{"line":7,"column":48}},"7":{"start":{"line":8,"column":0},"end":{"line":8,"column":50}},"8":{"start":{"line":9,"column":0},"end":{"line":9,"column":50}},"9":{"start":{"line":10,"column":0},"end":{"line":10,"column":48}},"10":{"start":{"line":11,"column":0},"end":{"line":11,"column":52}},"11":{"start":{"line":12,"column":0},"end":{"line":12,"column":40}},"13":{"start":{"line":14,"column":0},"end":{"line":14,"column":37}},"14":{"start":{"line":15,"column":0},"end":{"line":15,"column":19}},"15":{"start":{"line":16,"column":0},"end":{"line":16,"column":14}},"16":{"start":{"line":17,"column":0},"end":{"line":17,"column":24}},"17":{"start":{"line":18,"column":0},"end":{"line":18,"column":15}},"18":{"start":{"line":19,"column":0},"end":{"line":19,"column":6}},"19":{"start":{"line":20,"column":0},"end":{"line":20,"column":4}},"20":{"start":{"line":21,"column":0},"end":{"line":21,"column":3}},"22":{"start":{"line":23,"column":0},"end":{"line":23,"column":16}},"23":{"start":{"line":24,"column":0},"end":{"line":24,"column":10}},"24":{"start":{"line":25,"column":0},"end":{"line":25,"column":46}},"25":{"start":{"line":26,"column":0},"end":{"line":26,"column":21}},"26":{"start":{"line":27,"column":0},"end":{"line":27,"column":22}},"27":{"start":{"line":28,"column":0},"end":{"line":28,"column":18}},"28":{"start":{"line":29,"column":0},"end":{"line":29,"column":59}},"29":{"start":{"line":30,"column":0},"end":{"line":30,"column":65}},"30":{"start":{"line":31,"column":0},"end":{"line":31,"column":18}},"31":{"start":{"line":32,"column":0},"end":{"line":32,"column":23}},"32":{"start":{"line":33,"column":0},"end":{"line":33,"column":32}},"33":{"start":{"line":34,"column":0},"end":{"line":34,"column":28}},"34":{"start":{"line":35,"column":0},"end":{"line":35,"column":33}},"37":{"start":{"line":38,"column":0},"end":{"line":38,"column":69}},"38":{"start":{"line":39,"column":0},"end":{"line":39,"column":71}},"39":{"start":{"line":40,"column":0},"end":{"line":40,"column":69}},"40":{"start":{"line":41,"column":0},"end":{"line":41,"column":70}},"41":{"start":{"line":42,"column":0},"end":{"line":42,"column":59}},"42":{"start":{"line":43,"column":0},"end":{"line":43,"column":20}},"43":{"start":{"line":44,"column":0},"end":{"line":44,"column":77}},"44":{"start":{"line":45,"column":0},"end":{"line":45,"column":19}},"45":{"start":{"line":46,"column":0},"end":{"line":46,"column":23}},"46":{"start":{"line":47,"column":0},"end":{"line":47,"column":22}},"47":{"start":{"line":48,"column":0},"end":{"line":48,"column":26}},"49":{"start":{"line":50,"column":0},"end":{"line":50,"column":1}},"51":{"start":{"line":52,"column":0},"end":{"line":52,"column":19}}},"s":{"0":1,"1":1,"2":1,"3":1,"4":1,"5":1,"6":1,"7":1,"8":1,"9":1,"10":1,"11":1,"13":1,"14":1,"15":1,"16":1,"17":1,"18":1,"19":1,"20":1,"22":1,"23":1,"24":1,"25":1,"26":1,"27":1,"28":1,"29":1,"30":1,"31":1,"32":1,"33":1,"34":1,"37":1,"38":1,"39":1,"40":1,"41":1,"42":1,"43":1,"44":1,"45":1,"46":1,"47":1,"49":1,"51":1},"branchMap":{"0":{"type":"branch","line":23,"loc":{"start":{"line":23,"column":0},"end":{"line":50,"column":1}},"locations":[{"start":{"line":23,"column":0},"end":{"line":50,"column":1}}]}},"b":{"0":[1]},"fnMap":{"0":{"name":"App","decl":{"start":{"line":23,"column":0},"end":{"line":50,"column":1}},"loc":{"start":{"line":23,"column":0},"end":{"line":50,"column":1}},"line":23}},"f":{"0":1}}
,"/home/talentwell/symphony-workspaces/ENG-86/apps/web/src/main.tsx": {"path":"/home/talentwell/symphony-workspaces/ENG-86/apps/web/src/main.tsx","all":true,"statementMap":{"0":{"start":{"line":1,"column":0},"end":{"line":1,"column":26}},"1":{"start":{"line":2,"column":0},"end":{"line":2,"column":40}},"2":{"start":{"line":3,"column":0},"end":{"line":3,"column":24}},"3":{"start":{"line":4,"column":0},"end":{"line":4,"column":21}},"5":{"start":{"line":6,"column":0},"end":{"line":6,"column":61}},"6":{"start":{"line":7,"column":0},"end":{"line":7,"column":20}},"7":{"start":{"line":8,"column":0},"end":{"line":8,"column":11}},"8":{"start":{"line":9,"column":0},"end":{"line":9,"column":22}},"9":{"start":{"line":10,"column":0},"end":{"line":10,"column":2}}},"s":{"0":0,"1":0,"2":0,"3":0,"5":0,"6":0,"7":0,"8":0,"9":0},"branchMap":{"0":{"type":"branch","line":1,"loc":{"start":{"line":1,"column":236},"end":{"line":10,"column":2}},"locations":[{"start":{"line":1,"column":236},"end":{"line":10,"column":2}}]}},"b":{"0":[0]},"fnMap":{"0":{"name":"(empty-report)","decl":{"start":{"line":1,"column":236},"end":{"line":10,"column":2}},"loc":{"start":{"line":1,"column":236},"end":{"line":10,"column":2}},"line":1}},"f":{"0":0}}
,"/home/talentwell/symphony-workspaces/ENG-86/apps/web/src/components/CommentThread.tsx": {"path":"/home/talentwell/symphony-workspaces/ENG-86/apps/web/src/components/CommentThread.tsx","all":false,"statementMap":{"0":{"start":{"line":1,"column":0},"end":{"line":1,"column":42}},"9":{"start":{"line":10,"column":0},"end":{"line":10,"column":71}},"10":{"start":{"line":11,"column":0},"end":{"line":11,"column":60}},"11":{"start":{"line":12,"column":0},"end":{"line":12,"column":43}},"12":{"start":{"line":13,"column":0},"end":{"line":13,"column":9}},"13":{"start":{"line":14,"column":0},"end":{"line":14,"column":13}},"14":{"start":{"line":15,"column":0},"end":{"line":15,"column":17}},"15":{"start":{"line":16,"column":0},"end":{"line":16,"column":10}},"16":{"start":{"line":17,"column":0},"end":{"line":17,"column":26}},"17":{"start":{"line":18,"column":0},"end":{"line":18,"column":32}},"18":{"start":{"line":19,"column":0},"end":{"line":19,"column":45}},"19":{"start":{"line":20,"column":0},"end":{"line":20,"column":5}},"21":{"start":{"line":22,"column":0},"end":{"line":22,"column":44}},"22":{"start":{"line":23,"column":0},"end":{"line":23,"column":76}},"23":{"start":{"line":24,"column":0},"end":{"line":24,"column":3}},"25":{"start":{"line":26,"column":0},"end":{"line":26,"column":18}},"26":{"start":{"line":27,"column":0},"end":{"line":27,"column":72}},"27":{"start":{"line":28,"column":0},"end":{"line":28,"column":3}},"29":{"start":{"line":30,"column":0},"end":{"line":30,"column":10}},"30":{"start":{"line":31,"column":0},"end":{"line":31,"column":31}},"31":{"start":{"line":32,"column":0},"end":{"line":32,"column":52}},"33":{"start":{"line":34,"column":0},"end":{"line":34,"column":33}},"34":{"start":{"line":35,"column":0},"end":{"line":35,"column":36}},"35":{"start":{"line":36,"column":0},"end":{"line":36,"column":54}},"37":{"start":{"line":38,"column":0},"end":{"line":38,"column":14}},"39":{"start":{"line":40,"column":0},"end":{"line":40,"column":37}},"40":{"start":{"line":41,"column":0},"end":{"line":41,"column":55}},"41":{"start":{"line":42,"column":0},"end":{"line":42,"column":48}},"42":{"start":{"line":43,"column":0},"end":{"line":43,"column":80}},"43":{"start":{"line":44,"column":0},"end":{"line":44,"column":42}},"44":{"start":{"line":45,"column":0},"end":{"line":45,"column":72}},"45":{"start":{"line":46,"column":0},"end":{"line":46,"column":23}},"46":{"start":{"line":47,"column":0},"end":{"line":47,"column":20}},"47":{"start":{"line":48,"column":0},"end":{"line":48,"column":18}},"48":{"start":{"line":49,"column":0},"end":{"line":49,"column":36}},"49":{"start":{"line":50,"column":0},"end":{"line":50,"column":55}},"50":{"start":{"line":51,"column":0},"end":{"line":51,"column":54}},"51":{"start":{"line":52,"column":0},"end":{"line":52,"column":53}},"52":{"start":{"line":53,"column":0},"end":{"line":53,"column":23}},"53":{"start":{"line":54,"column":0},"end":{"line":54,"column":63}},"54":{"start":{"line":55,"column":0},"end":{"line":55,"column":69}},"55":{"start":{"line":56,"column":0},"end":{"line":56,"column":23}},"56":{"start":{"line":57,"column":0},"end":{"line":57,"column":20}},"57":{"start":{"line":58,"column":0},"end":{"line":58,"column":63}},"58":{"start":{"line":59,"column":0},"end":{"line":59,"column":18}},"59":{"start":{"line":60,"column":0},"end":{"line":60,"column":16}},"60":{"start":{"line":61,"column":0},"end":{"line":61,"column":11}},"61":{"start":{"line":62,"column":0},"end":{"line":62,"column":12}},"63":{"start":{"line":64,"column":0},"end":{"line":64,"column":69}},"64":{"start":{"line":65,"column":0},"end":{"line":65,"column":14}},"65":{"start":{"line":66,"column":0},"end":{"line":66,"column":21}},"66":{"start":{"line":67,"column":0},"end":{"line":67,"column":48}},"67":{"start":{"line":68,"column":0},"end":{"line":68,"column":99}},"68":{"start":{"line":69,"column":0},"end":{"line":69,"column":34}},"69":{"start":{"line":70,"column":0},"end":{"line":70,"column":10}},"70":{"start":{"line":71,"column":0},"end":{"line":71,"column":15}},"71":{"start":{"line":72,"column":0},"end":{"line":72,"column":23}},"72":{"start":{"line":73,"column":0},"end":{"line":73,"column":44}},"73":{"start":{"line":74,"column":0},"end":{"line":74,"column":44}},"74":{"start":{"line":75,"column":0},"end":{"line":75,"column":9}},"76":{"start":{"line":77,"column":0},"end":{"line":77,"column":17}},"77":{"start":{"line":78,"column":0},"end":{"line":78,"column":13}},"78":{"start":{"line":79,"column":0},"end":{"line":79,"column":10}},"80":{"start":{"line":81,"column":0},"end":{"line":81,"column":1}}},"s":{"0":1,"9":18,"10":18,"11":18,"12":18,"13":18,"14":18,"15":18,"16":18,"17":18,"18":18,"19":18,"21":18,"22":1,"23":1,"25":18,"26":2,"27":2,"29":16,"30":16,"31":16,"33":16,"34":18,"35":10,"37":10,"39":18,"40":10,"41":10,"42":10,"43":10,"44":10,"45":10,"46":10,"47":10,"48":10,"49":10,"50":10,"51":10,"52":10,"53":10,"54":10,"55":10,"56":10,"57":10,"58":10,"59":10,"60":18,"61":18,"63":18,"64":18,"65":18,"66":18,"67":18,"68":18,"69":18,"70":18,"71":18,"72":18,"73":18,"74":18,"76":18,"77":18,"78":18,"80":18},"branchMap":{"0":{"type":"branch","line":10,"loc":{"start":{"line":10,"column":0},"end":{"line":81,"column":1}},"locations":[{"start":{"line":10,"column":0},"end":{"line":81,"column":1}}]},"1":{"type":"branch","line":26,"loc":{"start":{"line":26,"column":17},"end":{"line":28,"column":3}},"locations":[{"start":{"line":26,"column":17},"end":{"line":28,"column":3}}]},"2":{"type":"branch","line":28,"loc":{"start":{"line":28,"column":2},"end":{"line":35,"column":30}},"locations":[{"start":{"line":28,"column":2},"end":{"line":35,"column":30}}]},"3":{"type":"branch","line":35,"loc":{"start":{"line":35,"column":30},"end":{"line":38,"column":14}},"locations":[{"start":{"line":35,"column":30},"end":{"line":38,"column":14}}]},"4":{"type":"branch","line":40,"loc":{"start":{"line":40,"column":9},"end":{"line":40,"column":23}},"locations":[{"start":{"line":40,"column":9},"end":{"line":40,"column":23}}]},"5":{"type":"branch","line":68,"loc":{"start":{"line":68,"column":68},"end":{"line":68,"column":94}},"locations":[{"start":{"line":68,"column":68},"end":{"line":68,"column":94}}]},"6":{"type":"branch","line":68,"loc":{"start":{"line":68,"column":78},"end":{"line":68,"column":96}},"locations":[{"start":{"line":68,"column":78},"end":{"line":68,"column":96}}]},"7":{"type":"branch","line":22,"loc":{"start":{"line":22,"column":2},"end":{"line":24,"column":3}},"locations":[{"start":{"line":22,"column":2},"end":{"line":24,"column":3}}]},"8":{"type":"branch","line":40,"loc":{"start":{"line":40,"column":23},"end":{"line":60,"column":16}},"locations":[{"start":{"line":40,"column":23},"end":{"line":60,"column":16}}]},"9":{"type":"branch","line":45,"loc":{"start":{"line":45,"column":27},"end":{"line":45,"column":48}},"locations":[{"start":{"line":45,"column":27},"end":{"line":45,"column":48}}]},"10":{"type":"branch","line":45,"loc":{"start":{"line":45,"column":63},"end":{"line":45,"column":72}},"locations":[{"start":{"line":45,"column":63},"end":{"line":45,"column":72}}]},"11":{"type":"branch","line":52,"loc":{"start":{"line":52,"column":27},"end":{"line":52,"column":43}},"locations":[{"start":{"line":52,"column":27},"end":{"line":52,"column":43}}]},"12":{"type":"branch","line":52,"loc":{"start":{"line":52,"column":35},"end":{"line":52,"column":53}},"locations":[{"start":{"line":52,"column":35},"end":{"line":52,"column":53}}]}},"b":{"0":[18],"1":[2],"2":[16],"3":[10],"4":[16],"5":[0],"6":[16],"7":[1],"8":[10],"9":[8],"10":[2],"11":[8],"12":[2]},"fnMap":{"0":{"name":"CommentThread","decl":{"start":{"line":10,"column":0},"end":{"line":81,"column":1}},"loc":{"start":{"line":10,"column":0},"end":{"line":81,"column":1}},"line":10},"1":{"name":"onSubmit","decl":{"start":{"line":22,"column":2},"end":{"line":24,"column":3}},"loc":{"start":{"line":22,"column":2},"end":{"line":24,"column":3}},"line":22},"2":{"name":"onSuccess","decl":{"start":{"line":23,"column":59},"end":{"line":23,"column":73}},"loc":{"start":{"line":23,"column":59},"end":{"line":23,"column":73}},"line":23}},"f":{"0":18,"1":1,"2":0}}
,"/home/talentwell/symphony-workspaces/ENG-86/apps/web/src/components/FilterBar.tsx": {"path":"/home/talentwell/symphony-workspaces/ENG-86/apps/web/src/components/FilterBar.tsx","all":false,"statementMap":{"0":{"start":{"line":1,"column":0},"end":{"line":1,"column":70}},"8":{"start":{"line":9,"column":0},"end":{"line":9,"column":74}},"9":{"start":{"line":10,"column":0},"end":{"line":10,"column":37}},"11":{"start":{"line":12,"column":0},"end":{"line":12,"column":64}},"12":{"start":{"line":13,"column":0},"end":{"line":13,"column":65}},"13":{"start":{"line":14,"column":0},"end":{"line":14,"column":3}},"15":{"start":{"line":16,"column":0},"end":{"line":16,"column":10}},"16":{"start":{"line":17,"column":0},"end":{"line":17,"column":69}},"17":{"start":{"line":18,"column":0},"end":{"line":18,"column":12}},"18":{"start":{"line":19,"column":0},"end":{"line":19,"column":19}},"19":{"start":{"line":20,"column":0},"end":{"line":20,"column":38}},"20":{"start":{"line":21,"column":0},"end":{"line":21,"column":54}},"21":{"start":{"line":22,"column":0},"end":{"line":22,"column":36}},"22":{"start":{"line":23,"column":0},"end":{"line":23,"column":64}},"23":{"start":{"line":24,"column":0},"end":{"line":24,"column":8}},"25":{"start":{"line":26,"column":0},"end":{"line":26,"column":13}},"26":{"start":{"line":27,"column":0},"end":{"line":27,"column":52}},"27":{"start":{"line":28,"column":0},"end":{"line":28,"column":36}},"28":{"start":{"line":29,"column":0},"end":{"line":29,"column":64}},"29":{"start":{"line":30,"column":0},"end":{"line":30,"column":39}},"31":{"start":{"line":32,"column":0},"end":{"line":32,"column":51}},"32":{"start":{"line":33,"column":0},"end":{"line":33,"column":70}},"33":{"start":{"line":34,"column":0},"end":{"line":34,"column":79}},"34":{"start":{"line":35,"column":0},"end":{"line":35,"column":66}},"35":{"start":{"line":36,"column":0},"end":{"line":36,"column":75}},"36":{"start":{"line":37,"column":0},"end":{"line":37,"column":15}},"38":{"start":{"line":39,"column":0},"end":{"line":39,"column":13}},"39":{"start":{"line":40,"column":0},"end":{"line":40,"column":52}},"40":{"start":{"line":41,"column":0},"end":{"line":41,"column":38}},"41":{"start":{"line":42,"column":0},"end":{"line":42,"column":66}},"42":{"start":{"line":43,"column":0},"end":{"line":43,"column":42}},"44":{"start":{"line":45,"column":0},"end":{"line":45,"column":55}},"45":{"start":{"line":46,"column":0},"end":{"line":46,"column":66}},"46":{"start":{"line":47,"column":0},"end":{"line":47,"column":70}},"47":{"start":{"line":48,"column":0},"end":{"line":48,"column":67}},"48":{"start":{"line":49,"column":0},"end":{"line":49,"column":72}},"49":{"start":{"line":50,"column":0},"end":{"line":50,"column":15}},"51":{"start":{"line":52,"column":0},"end":{"line":52,"column":13}},"52":{"start":{"line":53,"column":0},"end":{"line":53,"column":52}},"53":{"start":{"line":54,"column":0},"end":{"line":54,"column":38}},"54":{"start":{"line":55,"column":0},"end":{"line":55,"column":66}},"55":{"start":{"line":56,"column":0},"end":{"line":56,"column":41}},"57":{"start":{"line":58,"column":0},"end":{"line":58,"column":52}},"58":{"start":{"line":59,"column":0},"end":{"line":59,"column":31}},"59":{"start":{"line":60,"column":0},"end":{"line":60,"column":48}},"60":{"start":{"line":61,"column":0},"end":{"line":61,"column":23}},"61":{"start":{"line":62,"column":0},"end":{"line":62,"column":19}},"62":{"start":{"line":63,"column":0},"end":{"line":63,"column":11}},"63":{"start":{"line":64,"column":0},"end":{"line":64,"column":15}},"64":{"start":{"line":65,"column":0},"end":{"line":65,"column":10}},"66":{"start":{"line":67,"column":0},"end":{"line":67,"column":1}}},"s":{"0":1,"8":12,"9":12,"11":12,"12":6,"13":6,"15":12,"16":12,"17":12,"18":12,"19":12,"20":12,"21":12,"22":12,"23":12,"25":12,"26":12,"27":12,"28":12,"29":12,"31":12,"32":12,"33":12,"34":12,"35":12,"36":12,"38":12,"39":12,"40":12,"41":12,"42":12,"44":12,"45":12,"46":12,"47":12,"48":12,"49":12,"51":12,"52":12,"53":12,"54":12,"55":12,"57":12,"58":12,"59":24,"60":24,"61":24,"62":12,"63":12,"64":12,"66":12},"branchMap":{"0":{"type":"branch","line":9,"loc":{"start":{"line":9,"column":0},"end":{"line":67,"column":1}},"locations":[{"start":{"line":9,"column":0},"end":{"line":67,"column":1}}]},"1":{"type":"branch","line":22,"loc":{"start":{"line":22,"column":23},"end":{"line":22,"column":36}},"locations":[{"start":{"line":22,"column":23},"end":{"line":22,"column":36}}]},"2":{"type":"branch","line":28,"loc":{"start":{"line":28,"column":23},"end":{"line":28,"column":36}},"locations":[{"start":{"line":28,"column":23},"end":{"line":28,"column":36}}]},"3":{"type":"branch","line":41,"loc":{"start":{"line":41,"column":23},"end":{"line":41,"column":38}},"locations":[{"start":{"line":41,"column":23},"end":{"line":41,"column":38}}]},"4":{"type":"branch","line":12,"loc":{"start":{"line":12,"column":2},"end":{"line":14,"column":3}},"locations":[{"start":{"line":12,"column":2},"end":{"line":14,"column":3}}]},"5":{"type":"branch","line":13,"loc":{"start":{"line":13,"column":34},"end":{"line":13,"column":54}},"locations":[{"start":{"line":13,"column":34},"end":{"line":13,"column":54}}]},"6":{"type":"branch","line":23,"loc":{"start":{"line":23,"column":18},"end":{"line":23,"column":64}},"locations":[{"start":{"line":23,"column":18},"end":{"line":23,"column":64}}]},"7":{"type":"branch","line":29,"loc":{"start":{"line":29,"column":18},"end":{"line":29,"column":64}},"locations":[{"start":{"line":29,"column":18},"end":{"line":29,"column":64}}]},"8":{"type":"branch","line":42,"loc":{"start":{"line":42,"column":18},"end":{"line":42,"column":66}},"locations":[{"start":{"line":42,"column":18},"end":{"line":42,"column":66}}]},"9":{"type":"branch","line":55,"loc":{"start":{"line":55,"column":18},"end":{"line":55,"column":66}},"locations":[{"start":{"line":55,"column":18},"end":{"line":55,"column":66}}]},"10":{"type":"branch","line":59,"loc":{"start":{"line":59,"column":20},"end":{"line":62,"column":19}},"locations":[{"start":{"line":59,"column":20},"end":{"line":62,"column":19}}]}},"b":{"0":[12],"1":[11],"2":[10],"3":[11],"4":[6],"5":[1],"6":[1],"7":[3],"8":[1],"9":[1],"10":[24]},"fnMap":{"0":{"name":"FilterBar","decl":{"start":{"line":9,"column":0},"end":{"line":67,"column":1}},"loc":{"start":{"line":9,"column":0},"end":{"line":67,"column":1}},"line":9},"1":{"name":"handleChange","decl":{"start":{"line":12,"column":2},"end":{"line":14,"column":3}},"loc":{"start":{"line":12,"column":2},"end":{"line":14,"column":3}},"line":12},"2":{"name":"onChange","decl":{"start":{"line":23,"column":18},"end":{"line":23,"column":64}},"loc":{"start":{"line":23,"column":18},"end":{"line":23,"column":64}},"line":23},"3":{"name":"onChange","decl":{"start":{"line":29,"column":18},"end":{"line":29,"column":64}},"loc":{"start":{"line":29,"column":18},"end":{"line":29,"column":64}},"line":29},"4":{"name":"onChange","decl":{"start":{"line":42,"column":18},"end":{"line":42,"column":66}},"loc":{"start":{"line":42,"column":18},"end":{"line":42,"column":66}},"line":42},"5":{"name":"onChange","decl":{"start":{"line":55,"column":18},"end":{"line":55,"column":66}},"loc":{"start":{"line":55,"column":18},"end":{"line":55,"column":66}},"line":55}},"f":{"0":12,"1":6,"2":1,"3":3,"4":1,"5":1}}
,"/home/talentwell/symphony-workspaces/ENG-86/apps/web/src/components/KanbanBoard.tsx": {"path":"/home/talentwell/symphony-workspaces/ENG-86/apps/web/src/components/KanbanBoard.tsx","all":false,"statementMap":{"0":{"start":{"line":1,"column":0},"end":{"line":1,"column":8}},"17":{"start":{"line":18,"column":0},"end":{"line":18,"column":54}},"18":{"start":{"line":19,"column":0},"end":{"line":19,"column":37}},"19":{"start":{"line":20,"column":0},"end":{"line":20,"column":46}},"20":{"start":{"line":21,"column":0},"end":{"line":21,"column":33}},"21":{"start":{"line":22,"column":0},"end":{"line":22,"column":2}},"29":{"start":{"line":30,"column":0},"end":{"line":30,"column":27}},"30":{"start":{"line":31,"column":0},"end":{"line":31,"column":7}},"31":{"start":{"line":32,"column":0},"end":{"line":32,"column":10}},"32":{"start":{"line":33,"column":0},"end":{"line":33,"column":4}},"35":{"start":{"line":36,"column":0},"end":{"line":36,"column":4}},"36":{"start":{"line":37,"column":0},"end":{"line":37,"column":70}},"37":{"start":{"line":38,"column":0},"end":{"line":38,"column":33}},"39":{"start":{"line":40,"column":0},"end":{"line":40,"column":17}},"40":{"start":{"line":41,"column":0},"end":{"line":41,"column":49}},"41":{"start":{"line":42,"column":0},"end":{"line":42,"column":15}},"42":{"start":{"line":43,"column":0},"end":{"line":43,"column":4}},"44":{"start":{"line":45,"column":0},"end":{"line":45,"column":10}},"45":{"start":{"line":46,"column":0},"end":{"line":46,"column":71}},"46":{"start":{"line":47,"column":0},"end":{"line":47,"column":48}},"47":{"start":{"line":48,"column":0},"end":{"line":48,"column":10}},"49":{"start":{"line":50,"column":0},"end":{"line":50,"column":1}},"51":{"start":{"line":52,"column":0},"end":{"line":52,"column":37}},"52":{"start":{"line":53,"column":0},"end":{"line":53,"column":8}},"53":{"start":{"line":54,"column":0},"end":{"line":54,"column":17}},"54":{"start":{"line":55,"column":0},"end":{"line":55,"column":14}},"55":{"start":{"line":56,"column":0},"end":{"line":56,"column":22}},"56":{"start":{"line":57,"column":0},"end":{"line":57,"column":66}},"58":{"start":{"line":59,"column":0},"end":{"line":59,"column":39}},"59":{"start":{"line":60,"column":0},"end":{"line":60,"column":19}},"60":{"start":{"line":61,"column":0},"end":{"line":61,"column":61}},"61":{"start":{"line":62,"column":0},"end":{"line":62,"column":17}},"62":{"start":{"line":63,"column":0},"end":{"line":63,"column":6}},"63":{"start":{"line":64,"column":0},"end":{"line":64,"column":37}},"64":{"start":{"line":65,"column":0},"end":{"line":65,"column":4}},"66":{"start":{"line":67,"column":0},"end":{"line":67,"column":51}},"67":{"start":{"line":68,"column":0},"end":{"line":68,"column":61}},"68":{"start":{"line":69,"column":0},"end":{"line":69,"column":34}},"69":{"start":{"line":70,"column":0},"end":{"line":70,"column":3}},"71":{"start":{"line":72,"column":0},"end":{"line":72,"column":47}},"72":{"start":{"line":73,"column":0},"end":{"line":73,"column":24}},"73":{"start":{"line":74,"column":0},"end":{"line":74,"column":35}},"74":{"start":{"line":75,"column":0},"end":{"line":75,"column":22}},"76":{"start":{"line":77,"column":0},"end":{"line":77,"column":39}},"77":{"start":{"line":78,"column":0},"end":{"line":78,"column":61}},"78":{"start":{"line":79,"column":0},"end":{"line":79,"column":21}},"79":{"start":{"line":80,"column":0},"end":{"line":80,"column":54}},"80":{"start":{"line":81,"column":0},"end":{"line":81,"column":50}},"81":{"start":{"line":82,"column":0},"end":{"line":82,"column":46}},"82":{"start":{"line":83,"column":0},"end":{"line":83,"column":7}},"83":{"start":{"line":84,"column":0},"end":{"line":84,"column":5}},"84":{"start":{"line":85,"column":0},"end":{"line":85,"column":3}},"86":{"start":{"line":87,"column":0},"end":{"line":87,"column":10}},"87":{"start":{"line":88,"column":0},"end":{"line":88,"column":15}},"88":{"start":{"line":89,"column":0},"end":{"line":89,"column":41}},"89":{"start":{"line":90,"column":0},"end":{"line":90,"column":35}},"90":{"start":{"line":91,"column":0},"end":{"line":91,"column":31}},"92":{"start":{"line":93,"column":0},"end":{"line":93,"column":53}},"93":{"start":{"line":94,"column":0},"end":{"line":94,"column":31}},"94":{"start":{"line":95,"column":0},"end":{"line":95,"column":67}},"95":{"start":{"line":96,"column":0},"end":{"line":96,"column":79}},"96":{"start":{"line":97,"column":0},"end":{"line":97,"column":30}},"97":{"start":{"line":98,"column":0},"end":{"line":98,"column":47}},"98":{"start":{"line":99,"column":0},"end":{"line":99,"column":46}},"99":{"start":{"line":100,"column":0},"end":{"line":100,"column":21}},"100":{"start":{"line":101,"column":0},"end":{"line":101,"column":17}},"101":{"start":{"line":102,"column":0},"end":{"line":102,"column":28}},"102":{"start":{"line":103,"column":0},"end":{"line":103,"column":25}},"103":{"start":{"line":104,"column":0},"end":{"line":104,"column":60}},"104":{"start":{"line":105,"column":0},"end":{"line":105,"column":52}},"106":{"start":{"line":107,"column":0},"end":{"line":107,"column":18}},"107":{"start":{"line":108,"column":0},"end":{"line":108,"column":51}},"108":{"start":{"line":109,"column":0},"end":{"line":109,"column":48}},"110":{"start":{"line":111,"column":0},"end":{"line":111,"column":54}},"111":{"start":{"line":112,"column":0},"end":{"line":112,"column":35}},"112":{"start":{"line":113,"column":0},"end":{"line":113,"column":33}},"113":{"start":{"line":114,"column":0},"end":{"line":114,"column":31}},"114":{"start":{"line":115,"column":0},"end":{"line":115,"column":41}},"115":{"start":{"line":116,"column":0},"end":{"line":116,"column":20}},"116":{"start":{"line":117,"column":0},"end":{"line":117,"column":19}},"117":{"start":{"line":118,"column":0},"end":{"line":118,"column":20}},"118":{"start":{"line":119,"column":0},"end":{"line":119,"column":30}},"119":{"start":{"line":120,"column":0},"end":{"line":120,"column":16}},"120":{"start":{"line":121,"column":0},"end":{"line":121,"column":11}},"121":{"start":{"line":122,"column":0},"end":{"line":122,"column":12}},"122":{"start":{"line":123,"column":0},"end":{"line":123,"column":79}},"123":{"start":{"line":124,"column":0},"end":{"line":124,"column":17}},"125":{"start":{"line":126,"column":0},"end":{"line":126,"column":1}}},"s":{"0":1,"17":1,"18":1,"19":1,"20":1,"21":1,"29":31,"30":31,"31":31,"32":31,"35":31,"36":31,"37":31,"39":31,"40":31,"41":31,"42":31,"44":31,"45":31,"46":31,"47":31,"49":31,"51":15,"52":15,"53":15,"54":15,"55":15,"56":15,"58":15,"59":15,"60":42,"61":42,"62":42,"63":15,"64":15,"66":15,"67":2,"68":2,"69":2,"71":15,"72":5,"73":5,"74":5,"76":3,"77":3,"78":3,"79":3,"80":3,"81":2,"82":2,"83":3,"84":5,"86":15,"87":15,"88":15,"89":15,"90":15,"92":15,"93":15,"94":42,"95":42,"96":42,"97":42,"98":42,"99":42,"100":42,"101":42,"102":42,"103":42,"104":42,"106":42,"107":42,"108":42,"110":42,"111":31,"112":31,"113":31,"114":31,"115":31,"116":42,"117":42,"118":42,"119":42,"120":15,"121":15,"122":15,"123":15,"125":15},"branchMap":{"0":{"type":"branch","line":30,"loc":{"start":{"line":30,"column":0},"end":{"line":50,"column":1}},"locations":[{"start":{"line":30,"column":0},"end":{"line":50,"column":1}}]},"1":{"type":"branch","line":52,"loc":{"start":{"line":52,"column":0},"end":{"line":126,"column":1}},"locations":[{"start":{"line":52,"column":0},"end":{"line":126,"column":1}}]},"2":{"type":"branch","line":123,"loc":{"start":{"line":123,"column":20},"end":{"line":123,"column":65}},"locations":[{"start":{"line":123,"column":20},"end":{"line":123,"column":65}}]},"3":{"type":"branch","line":60,"loc":{"start":{"line":60,"column":4},"end":{"line":63,"column":6}},"locations":[{"start":{"line":60,"column":4},"end":{"line":63,"column":6}}]},"4":{"type":"branch","line":61,"loc":{"start":{"line":61,"column":33},"end":{"line":61,"column":59}},"locations":[{"start":{"line":61,"column":33},"end":{"line":61,"column":59}}]},"5":{"type":"branch","line":67,"loc":{"start":{"line":67,"column":2},"end":{"line":70,"column":3}},"locations":[{"start":{"line":67,"column":2},"end":{"line":70,"column":3}}]},"6":{"type":"branch","line":68,"loc":{"start":{"line":68,"column":28},"end":{"line":68,"column":59}},"locations":[{"start":{"line":68,"column":28},"end":{"line":68,"column":59}}]},"7":{"type":"branch","line":72,"loc":{"start":{"line":72,"column":2},"end":{"line":85,"column":3}},"locations":[{"start":{"line":72,"column":2},"end":{"line":85,"column":3}}]},"8":{"type":"branch","line":75,"loc":{"start":{"line":75,"column":15},"end":{"line":75,"column":22}},"locations":[{"start":{"line":75,"column":15},"end":{"line":75,"column":22}}]},"9":{"type":"branch","line":75,"loc":{"start":{"line":75,"column":15},"end":{"line":84,"column":5}},"locations":[{"start":{"line":75,"column":15},"end":{"line":84,"column":5}}]},"10":{"type":"branch","line":81,"loc":{"start":{"line":81,"column":49},"end":{"line":83,"column":7}},"locations":[{"start":{"line":81,"column":49},"end":{"line":83,"column":7}}]},"11":{"type":"branch","line":78,"loc":{"start":{"line":78,"column":36},"end":{"line":78,"column":59}},"locations":[{"start":{"line":78,"column":36},"end":{"line":78,"column":59}}]},"12":{"type":"branch","line":80,"loc":{"start":{"line":80,"column":30},"end":{"line":80,"column":52}},"locations":[{"start":{"line":80,"column":30},"end":{"line":80,"column":52}}]},"13":{"type":"branch","line":94,"loc":{"start":{"line":94,"column":21},"end":{"line":120,"column":16}},"locations":[{"start":{"line":94,"column":21},"end":{"line":120,"column":16}}]},"14":{"type":"branch","line":104,"loc":{"start":{"line":104,"column":47},"end":{"line":104,"column":58}},"locations":[{"start":{"line":104,"column":47},"end":{"line":104,"column":58}}]},"15":{"type":"branch","line":111,"loc":{"start":{"line":111,"column":43},"end":{"line":116,"column":20}},"locations":[{"start":{"line":111,"column":43},"end":{"line":116,"column":20}}]}},"b":{"0":[31],"1":[15],"2":[0],"3":[42],"4":[96],"5":[2],"6":[2],"7":[5],"8":[2],"9":[3],"10":[2],"11":[6],"12":[4],"13":[42],"14":[31],"15":[31]},"fnMap":{"0":{"name":"SortableTaskCard","decl":{"start":{"line":30,"column":0},"end":{"line":50,"column":1}},"loc":{"start":{"line":30,"column":0},"end":{"line":50,"column":1}},"line":30},"1":{"name":"KanbanBoard","decl":{"start":{"line":52,"column":0},"end":{"line":126,"column":1}},"loc":{"start":{"line":52,"column":0},"end":{"line":126,"column":1}},"line":52},"2":{"name":"handleDragStart","decl":{"start":{"line":67,"column":2},"end":{"line":70,"column":3}},"loc":{"start":{"line":67,"column":2},"end":{"line":70,"column":3}},"line":67},"3":{"name":"handleDragEnd","decl":{"start":{"line":72,"column":2},"end":{"line":85,"column":3}},"loc":{"start":{"line":72,"column":2},"end":{"line":85,"column":3}},"line":72}},"f":{"0":31,"1":15,"2":2,"3":5}}
,"/home/talentwell/symphony-workspaces/ENG-86/apps/web/src/components/Layout.tsx": {"path":"/home/talentwell/symphony-workspaces/ENG-86/apps/web/src/components/Layout.tsx","all":false,"statementMap":{"0":{"start":{"line":1,"column":0},"end":{"line":1,"column":51}},"3":{"start":{"line":4,"column":0},"end":{"line":4,"column":18}},"4":{"start":{"line":5,"column":0},"end":{"line":5,"column":43}},"5":{"start":{"line":6,"column":0},"end":{"line":6,"column":43}},"6":{"start":{"line":7,"column":0},"end":{"line":7,"column":40}},"7":{"start":{"line":8,"column":0},"end":{"line":8,"column":35}},"8":{"start":{"line":9,"column":0},"end":{"line":9,"column":2}},"10":{"start":{"line":11,"column":0},"end":{"line":11,"column":34}},"11":{"start":{"line":12,"column":0},"end":{"line":12,"column":37}},"13":{"start":{"line":14,"column":0},"end":{"line":14,"column":10}},"14":{"start":{"line":15,"column":0},"end":{"line":15,"column":39}},"15":{"start":{"line":16,"column":0},"end":{"line":16,"column":60}},"16":{"start":{"line":17,"column":0},"end":{"line":17,"column":65}},"17":{"start":{"line":18,"column":0},"end":{"line":18,"column":32}},"18":{"start":{"line":19,"column":0},"end":{"line":19,"column":37}},"19":{"start":{"line":20,"column":0},"end":{"line":20,"column":37}},"20":{"start":{"line":21,"column":0},"end":{"line":21,"column":32}},"21":{"start":{"line":22,"column":0},"end":{"line":22,"column":24}},"22":{"start":{"line":23,"column":0},"end":{"line":23,"column":30}},"23":{"start":{"line":24,"column":0},"end":{"line":24,"column":46}},"24":{"start":{"line":25,"column":0},"end":{"line":25,"column":58}},"27":{"start":{"line":28,"column":0},"end":{"line":28,"column":30}},"28":{"start":{"line":29,"column":0},"end":{"line":29,"column":26}},"29":{"start":{"line":30,"column":0},"end":{"line":30,"column":19}},"30":{"start":{"line":31,"column":0},"end":{"line":31,"column":15}},"31":{"start":{"line":32,"column":0},"end":{"line":32,"column":15}},"32":{"start":{"line":33,"column":0},"end":{"line":33,"column":14}},"33":{"start":{"line":34,"column":0},"end":{"line":34,"column":55}},"34":{"start":{"line":35,"column":0},"end":{"line":35,"column":61}},"35":{"start":{"line":36,"column":0},"end":{"line":36,"column":48}},"36":{"start":{"line":37,"column":0},"end":{"line":37,"column":80}},"37":{"start":{"line":38,"column":0},"end":{"line":38,"column":42}},"38":{"start":{"line":39,"column":0},"end":{"line":39,"column":62}},"39":{"start":{"line":40,"column":0},"end":{"line":40,"column":23}},"40":{"start":{"line":41,"column":0},"end":{"line":41,"column":20}},"41":{"start":{"line":42,"column":0},"end":{"line":42,"column":18}},"42":{"start":{"line":43,"column":0},"end":{"line":43,"column":44}},"43":{"start":{"line":44,"column":0},"end":{"line":44,"column":74}},"44":{"start":{"line":45,"column":0},"end":{"line":45,"column":67}},"45":{"start":{"line":46,"column":0},"end":{"line":46,"column":29}},"46":{"start":{"line":47,"column":0},"end":{"line":47,"column":18}},"47":{"start":{"line":48,"column":0},"end":{"line":48,"column":18}},"48":{"start":{"line":49,"column":0},"end":{"line":49,"column":16}},"49":{"start":{"line":50,"column":0},"end":{"line":50,"column":75}},"51":{"start":{"line":52,"column":0},"end":{"line":52,"column":19}},"52":{"start":{"line":53,"column":0},"end":{"line":53,"column":14}},"53":{"start":{"line":54,"column":0},"end":{"line":54,"column":14}},"54":{"start":{"line":55,"column":0},"end":{"line":55,"column":61}},"55":{"start":{"line":56,"column":0},"end":{"line":56,"column":18}},"56":{"start":{"line":57,"column":0},"end":{"line":57,"column":13}},"57":{"start":{"line":58,"column":0},"end":{"line":58,"column":10}},"59":{"start":{"line":60,"column":0},"end":{"line":60,"column":1}}},"s":{"0":1,"3":1,"4":1,"5":1,"6":1,"7":1,"8":1,"10":7,"11":7,"13":7,"14":7,"15":7,"16":7,"17":7,"18":7,"19":7,"20":28,"21":28,"22":28,"23":28,"24":28,"27":28,"28":28,"29":28,"30":7,"31":7,"32":7,"33":7,"34":7,"35":7,"36":7,"37":7,"38":7,"39":7,"40":7,"41":7,"42":7,"43":7,"44":7,"45":7,"46":7,"47":7,"48":7,"49":7,"51":7,"52":7,"53":7,"54":7,"55":7,"56":7,"57":7,"59":7},"branchMap":{"0":{"type":"branch","line":11,"loc":{"start":{"line":11,"column":0},"end":{"line":60,"column":1}},"locations":[{"start":{"line":11,"column":0},"end":{"line":60,"column":1}}]},"1":{"type":"branch","line":39,"loc":{"start":{"line":39,"column":53},"end":{"line":39,"column":62}},"locations":[{"start":{"line":39,"column":53},"end":{"line":39,"column":62}}]},"2":{"type":"branch","line":20,"loc":{"start":{"line":20,"column":26},"end":{"line":30,"column":19}},"locations":[{"start":{"line":20,"column":26},"end":{"line":30,"column":19}}]},"3":{"type":"branch","line":24,"loc":{"start":{"line":24,"column":29},"end":{"line":25,"column":58}},"locations":[{"start":{"line":24,"column":29},"end":{"line":25,"column":58}}]},"4":{"type":"branch","line":25,"loc":{"start":{"line":25,"column":20},"end":{"line":25,"column":56}},"locations":[{"start":{"line":25,"column":20},"end":{"line":25,"column":56}}]}},"b":{"0":[7],"1":[0],"2":[28],"3":[28],"4":[0]},"fnMap":{"0":{"name":"Layout","decl":{"start":{"line":11,"column":0},"end":{"line":60,"column":1}},"loc":{"start":{"line":11,"column":0},"end":{"line":60,"column":1}},"line":11},"1":{"name":"className","decl":{"start":{"line":24,"column":29},"end":{"line":25,"column":58}},"loc":{"start":{"line":24,"column":29},"end":{"line":25,"column":58}},"line":24}},"f":{"0":7,"1":28}}
,"/home/talentwell/symphony-workspaces/ENG-86/apps/web/src/components/ProtectedRoute.tsx": {"path":"/home/talentwell/symphony-workspaces/ENG-86/apps/web/src/components/ProtectedRoute.tsx","all":false,"statementMap":{"0":{"start":{"line":1,"column":0},"end":{"line":1,"column":44}},"3":{"start":{"line":4,"column":0},"end":{"line":4,"column":40}},"4":{"start":{"line":5,"column":0},"end":{"line":5,"column":11}},"5":{"start":{"line":6,"column":0},"end":{"line":6,"column":4}},"7":{"start":{"line":8,"column":0},"end":{"line":8,"column":4}},"8":{"start":{"line":9,"column":0},"end":{"line":9,"column":51}},"10":{"start":{"line":11,"column":0},"end":{"line":11,"column":18}},"11":{"start":{"line":12,"column":0},"end":{"line":12,"column":12}},"12":{"start":{"line":13,"column":0},"end":{"line":13,"column":69}},"13":{"start":{"line":14,"column":0},"end":{"line":14,"column":68}},"14":{"start":{"line":15,"column":0},"end":{"line":15,"column":12}},"16":{"start":{"line":17,"column":0},"end":{"line":17,"column":3}},"18":{"start":{"line":19,"column":0},"end":{"line":19,"column":25}},"19":{"start":{"line":20,"column":0},"end":{"line":20,"column":44}},"20":{"start":{"line":21,"column":0},"end":{"line":21,"column":3}},"22":{"start":{"line":23,"column":0},"end":{"line":23,"column":25}},"23":{"start":{"line":24,"column":0},"end":{"line":24,"column":1}}},"s":{"0":1,"3":4,"4":4,"5":4,"7":4,"8":4,"10":4,"11":1,"12":1,"13":1,"14":1,"16":1,"18":4,"19":2,"20":2,"22":1,"23":1},"branchMap":{"0":{"type":"branch","line":4,"loc":{"start":{"line":4,"column":0},"end":{"line":24,"column":1}},"locations":[{"start":{"line":4,"column":0},"end":{"line":24,"column":1}}]},"1":{"type":"branch","line":11,"loc":{"start":{"line":11,"column":17},"end":{"line":17,"column":3}},"locations":[{"start":{"line":11,"column":17},"end":{"line":17,"column":3}}]},"2":{"type":"branch","line":17,"loc":{"start":{"line":17,"column":2},"end":{"line":19,"column":24}},"locations":[{"start":{"line":17,"column":2},"end":{"line":19,"column":24}}]},"3":{"type":"branch","line":19,"loc":{"start":{"line":19,"column":24},"end":{"line":24,"column":1}},"locations":[{"start":{"line":19,"column":24},"end":{"line":24,"column":1}}]},"4":{"type":"branch","line":21,"loc":{"start":{"line":21,"column":2},"end":{"line":24,"column":1}},"locations":[{"start":{"line":21,"column":2},"end":{"line":24,"column":1}}]}},"b":{"0":[4],"1":[1],"2":[3],"3":[2],"4":[1]},"fnMap":{"0":{"name":"ProtectedRoute","decl":{"start":{"line":4,"column":0},"end":{"line":24,"column":1}},"loc":{"start":{"line":4,"column":0},"end":{"line":24,"column":1}},"line":4}},"f":{"0":4}}
,"/home/talentwell/symphony-workspaces/ENG-86/apps/web/src/components/StatCard.tsx": {"path":"/home/talentwell/symphony-workspaces/ENG-86/apps/web/src/components/StatCard.tsx","all":false,"statementMap":{"0":{"start":{"line":1,"column":0},"end":{"line":1,"column":25}},"6":{"start":{"line":7,"column":0},"end":{"line":7,"column":34}},"7":{"start":{"line":8,"column":0},"end":{"line":8,"column":8}},"8":{"start":{"line":9,"column":0},"end":{"line":9,"column":8}},"9":{"start":{"line":10,"column":0},"end":{"line":10,"column":17}},"10":{"start":{"line":11,"column":0},"end":{"line":11,"column":19}},"11":{"start":{"line":12,"column":0},"end":{"line":12,"column":10}},"12":{"start":{"line":13,"column":0},"end":{"line":13,"column":63}},"13":{"start":{"line":14,"column":0},"end":{"line":14,"column":37}},"14":{"start":{"line":15,"column":0},"end":{"line":15,"column":53}},"15":{"start":{"line":16,"column":0},"end":{"line":16,"column":63}},"16":{"start":{"line":17,"column":0},"end":{"line":17,"column":12}},"17":{"start":{"line":18,"column":0},"end":{"line":18,"column":10}},"19":{"start":{"line":20,"column":0},"end":{"line":20,"column":1}}},"s":{"0":1,"6":26,"7":26,"8":26,"9":26,"10":26,"11":26,"12":26,"13":26,"14":26,"15":26,"16":26,"17":26,"19":26},"branchMap":{"0":{"type":"branch","line":7,"loc":{"start":{"line":7,"column":0},"end":{"line":20,"column":1}},"locations":[{"start":{"line":7,"column":0},"end":{"line":20,"column":1}}]}},"b":{"0":[26]},"fnMap":{"0":{"name":"StatCard","decl":{"start":{"line":7,"column":0},"end":{"line":20,"column":1}},"loc":{"start":{"line":7,"column":0},"end":{"line":20,"column":1}},"line":7}},"f":{"0":26}}
,"/home/talentwell/symphony-workspaces/ENG-86/apps/web/src/components/TaskCard.tsx": {"path":"/home/talentwell/symphony-workspaces/ENG-86/apps/web/src/components/TaskCard.tsx","all":false,"statementMap":{"0":{"start":{"line":1,"column":0},"end":{"line":1,"column":37}},"2":{"start":{"line":3,"column":0},"end":{"line":3,"column":48}},"3":{"start":{"line":4,"column":0},"end":{"line":4,"column":20}},"4":{"start":{"line":5,"column":0},"end":{"line":5,"column":26}},"5":{"start":{"line":6,"column":0},"end":{"line":6,"column":22}},"6":{"start":{"line":7,"column":0},"end":{"line":7,"column":38}},"7":{"start":{"line":8,"column":0},"end":{"line":8,"column":2}},"14":{"start":{"line":15,"column":0},"end":{"line":15,"column":68}},"15":{"start":{"line":16,"column":0},"end":{"line":16,"column":19}},"16":{"start":{"line":17,"column":0},"end":{"line":17,"column":20}},"17":{"start":{"line":18,"column":0},"end":{"line":18,"column":43}},"18":{"start":{"line":19,"column":0},"end":{"line":19,"column":27}},"20":{"start":{"line":21,"column":0},"end":{"line":21,"column":10}},"21":{"start":{"line":22,"column":0},"end":{"line":22,"column":8}},"22":{"start":{"line":23,"column":0},"end":{"line":23,"column":103}},"23":{"start":{"line":24,"column":0},"end":{"line":24,"column":54}},"24":{"start":{"line":25,"column":0},"end":{"line":25,"column":9}},"25":{"start":{"line":26,"column":0},"end":{"line":26,"column":37}},"26":{"start":{"line":27,"column":0},"end":{"line":27,"column":19}},"27":{"start":{"line":28,"column":0},"end":{"line":28,"column":18}},"28":{"start":{"line":29,"column":0},"end":{"line":29,"column":25}},"29":{"start":{"line":30,"column":0},"end":{"line":30,"column":64}},"30":{"start":{"line":31,"column":0},"end":{"line":31,"column":8}},"32":{"start":{"line":33,"column":0},"end":{"line":33,"column":43}},"33":{"start":{"line":34,"column":0},"end":{"line":34,"column":60}},"34":{"start":{"line":35,"column":0},"end":{"line":35,"column":59}},"35":{"start":{"line":36,"column":0},"end":{"line":36,"column":78}},"36":{"start":{"line":37,"column":0},"end":{"line":37,"column":27}},"37":{"start":{"line":38,"column":0},"end":{"line":38,"column":17}},"38":{"start":{"line":39,"column":0},"end":{"line":39,"column":25}},"39":{"start":{"line":40,"column":0},"end":{"line":40,"column":71}},"41":{"start":{"line":42,"column":0},"end":{"line":42,"column":14}},"42":{"start":{"line":43,"column":0},"end":{"line":43,"column":64}},"43":{"start":{"line":44,"column":0},"end":{"line":44,"column":29}},"44":{"start":{"line":45,"column":0},"end":{"line":45,"column":53}},"45":{"start":{"line":46,"column":0},"end":{"line":46,"column":50}},"46":{"start":{"line":47,"column":0},"end":{"line":47,"column":82}},"47":{"start":{"line":48,"column":0},"end":{"line":48,"column":44}},"48":{"start":{"line":49,"column":0},"end":{"line":49,"column":64}},"49":{"start":{"line":50,"column":0},"end":{"line":50,"column":25}},"50":{"start":{"line":51,"column":0},"end":{"line":51,"column":22}},"51":{"start":{"line":52,"column":0},"end":{"line":52,"column":20}},"52":{"start":{"line":53,"column":0},"end":{"line":53,"column":61}},"53":{"start":{"line":54,"column":0},"end":{"line":54,"column":36}},"54":{"start":{"line":55,"column":0},"end":{"line":55,"column":21}},"55":{"start":{"line":56,"column":0},"end":{"line":56,"column":18}},"57":{"start":{"line":58,"column":0},"end":{"line":58,"column":29}},"58":{"start":{"line":59,"column":0},"end":{"line":59,"column":59}},"59":{"start":{"line":60,"column":0},"end":{"line":60,"column":64}},"60":{"start":{"line":61,"column":0},"end":{"line":61,"column":19}},"62":{"start":{"line":63,"column":0},"end":{"line":63,"column":14}},"63":{"start":{"line":64,"column":0},"end":{"line":64,"column":12}},"64":{"start":{"line":65,"column":0},"end":{"line":65,"column":10}},"66":{"start":{"line":67,"column":0},"end":{"line":67,"column":1}}},"s":{"0":1,"2":1,"3":1,"4":1,"5":1,"6":1,"7":1,"14":38,"15":38,"16":38,"17":3,"18":2,"20":38,"21":38,"22":38,"23":38,"24":38,"25":38,"26":38,"27":38,"28":38,"29":0,"30":0,"32":38,"33":38,"34":38,"35":38,"36":38,"37":38,"38":38,"39":1,"41":38,"42":38,"43":38,"44":1,"45":1,"46":1,"47":1,"48":1,"49":1,"50":1,"51":1,"52":1,"53":1,"54":1,"55":1,"57":38,"58":3,"59":3,"60":3,"62":38,"63":38,"64":38,"66":38},"branchMap":{"0":{"type":"branch","line":15,"loc":{"start":{"line":15,"column":0},"end":{"line":67,"column":1}},"locations":[{"start":{"line":15,"column":0},"end":{"line":67,"column":1}}]},"1":{"type":"branch","line":17,"loc":{"start":{"line":17,"column":9},"end":{"line":18,"column":43}},"locations":[{"start":{"line":17,"column":9},"end":{"line":18,"column":43}}]},"2":{"type":"branch","line":18,"loc":{"start":{"line":18,"column":39},"end":{"line":19,"column":27}},"locations":[{"start":{"line":18,"column":39},"end":{"line":19,"column":27}}]},"3":{"type":"branch","line":24,"loc":{"start":{"line":24,"column":8},"end":{"line":24,"column":37}},"locations":[{"start":{"line":24,"column":8},"end":{"line":24,"column":37}}]},"4":{"type":"branch","line":24,"loc":{"start":{"line":24,"column":20},"end":{"line":24,"column":54}},"locations":[{"start":{"line":24,"column":20},"end":{"line":24,"column":54}}]},"5":{"type":"branch","line":39,"loc":{"start":{"line":39,"column":11},"end":{"line":40,"column":71}},"locations":[{"start":{"line":39,"column":11},"end":{"line":40,"column":71}}]},"6":{"type":"branch","line":44,"loc":{"start":{"line":44,"column":16},"end":{"line":56,"column":18}},"locations":[{"start":{"line":44,"column":16},"end":{"line":56,"column":18}}]},"7":{"type":"branch","line":58,"loc":{"start":{"line":58,"column":16},"end":{"line":61,"column":19}},"locations":[{"start":{"line":58,"column":16},"end":{"line":61,"column":19}}]},"8":{"type":"branch","line":26,"loc":{"start":{"line":26,"column":15},"end":{"line":26,"column":37}},"locations":[{"start":{"line":26,"column":15},"end":{"line":26,"column":37}}]}},"b":{"0":[38],"1":[3],"2":[2],"3":[1],"4":[37],"5":[1],"6":[1],"7":[3],"8":[1]},"fnMap":{"0":{"name":"TaskCard","decl":{"start":{"line":15,"column":0},"end":{"line":67,"column":1}},"loc":{"start":{"line":15,"column":0},"end":{"line":67,"column":1}},"line":15},"1":{"name":"onClick","decl":{"start":{"line":26,"column":15},"end":{"line":26,"column":37}},"loc":{"start":{"line":26,"column":15},"end":{"line":26,"column":37}},"line":26},"2":{"name":"onKeyDown","decl":{"start":{"line":29,"column":17},"end":{"line":31,"column":8}},"loc":{"start":{"line":29,"column":17},"end":{"line":31,"column":8}},"line":29}},"f":{"0":38,"1":1,"2":0}}
,"/home/talentwell/symphony-workspaces/ENG-86/apps/web/src/components/TaskForm.tsx": {"path":"/home/talentwell/symphony-workspaces/ENG-86/apps/web/src/components/TaskForm.tsx","all":false,"statementMap":{"0":{"start":{"line":1,"column":0},"end":{"line":1,"column":42}},"12":{"start":{"line":13,"column":0},"end":{"line":13,"column":34}},"13":{"start":{"line":14,"column":0},"end":{"line":14,"column":7}},"14":{"start":{"line":15,"column":0},"end":{"line":15,"column":11}},"15":{"start":{"line":16,"column":0},"end":{"line":16,"column":11}},"16":{"start":{"line":17,"column":0},"end":{"line":17,"column":20}},"17":{"start":{"line":18,"column":0},"end":{"line":18,"column":19}},"18":{"start":{"line":19,"column":0},"end":{"line":19,"column":37}},"19":{"start":{"line":20,"column":0},"end":{"line":20,"column":9}},"20":{"start":{"line":21,"column":0},"end":{"line":21,"column":13}},"21":{"start":{"line":22,"column":0},"end":{"line":22,"column":17}},"22":{"start":{"line":23,"column":0},"end":{"line":23,"column":26}},"23":{"start":{"line":24,"column":0},"end":{"line":24,"column":29}},"24":{"start":{"line":25,"column":0},"end":{"line":25,"column":42}},"25":{"start":{"line":26,"column":0},"end":{"line":26,"column":23}},"26":{"start":{"line":27,"column":0},"end":{"line":27,"column":9}},"27":{"start":{"line":28,"column":0},"end":{"line":28,"column":28}},"28":{"start":{"line":29,"column":0},"end":{"line":29,"column":46}},"29":{"start":{"line":30,"column":0},"end":{"line":30,"column":34}},"30":{"start":{"line":31,"column":0},"end":{"line":31,"column":30}},"31":{"start":{"line":32,"column":0},"end":{"line":32,"column":40}},"32":{"start":{"line":33,"column":0},"end":{"line":33,"column":40}},"33":{"start":{"line":34,"column":0},"end":{"line":34,"column":26}},"34":{"start":{"line":35,"column":0},"end":{"line":35,"column":9}},"35":{"start":{"line":36,"column":0},"end":{"line":36,"column":9}},"36":{"start":{"line":37,"column":0},"end":{"line":37,"column":29}},"37":{"start":{"line":38,"column":0},"end":{"line":38,"column":25}},"38":{"start":{"line":39,"column":0},"end":{"line":39,"column":19}},"39":{"start":{"line":40,"column":0},"end":{"line":40,"column":10}},"40":{"start":{"line":41,"column":0},"end":{"line":41,"column":5}},"42":{"start":{"line":43,"column":0},"end":{"line":43,"column":10}},"43":{"start":{"line":44,"column":0},"end":{"line":44,"column":66}},"44":{"start":{"line":45,"column":0},"end":{"line":45,"column":36}},"45":{"start":{"line":46,"column":0},"end":{"line":46,"column":49}},"46":{"start":{"line":47,"column":0},"end":{"line":47,"column":52}},"47":{"start":{"line":48,"column":0},"end":{"line":48,"column":16}},"48":{"start":{"line":49,"column":0},"end":{"line":49,"column":14}},"49":{"start":{"line":50,"column":0},"end":{"line":50,"column":20}},"50":{"start":{"line":51,"column":0},"end":{"line":51,"column":21}},"51":{"start":{"line":52,"column":0},"end":{"line":52,"column":81}},"52":{"start":{"line":53,"column":0},"end":{"line":53,"column":32}},"53":{"start":{"line":54,"column":0},"end":{"line":54,"column":10}},"54":{"start":{"line":55,"column":0},"end":{"line":55,"column":26}},"55":{"start":{"line":56,"column":0},"end":{"line":56,"column":35}},"56":{"start":{"line":57,"column":0},"end":{"line":57,"column":56}},"57":{"start":{"line":58,"column":0},"end":{"line":58,"column":36}},"58":{"start":{"line":59,"column":0},"end":{"line":59,"column":19}},"59":{"start":{"line":60,"column":0},"end":{"line":60,"column":18}},"61":{"start":{"line":62,"column":0},"end":{"line":62,"column":12}},"63":{"start":{"line":64,"column":0},"end":{"line":64,"column":36}},"64":{"start":{"line":65,"column":0},"end":{"line":65,"column":55}},"65":{"start":{"line":66,"column":0},"end":{"line":66,"column":57}},"66":{"start":{"line":67,"column":0},"end":{"line":67,"column":16}},"67":{"start":{"line":68,"column":0},"end":{"line":68,"column":17}},"68":{"start":{"line":69,"column":0},"end":{"line":69,"column":26}},"69":{"start":{"line":70,"column":0},"end":{"line":70,"column":48}},"70":{"start":{"line":71,"column":0},"end":{"line":71,"column":38}},"71":{"start":{"line":72,"column":0},"end":{"line":72,"column":10}},"72":{"start":{"line":73,"column":0},"end":{"line":73,"column":12}},"74":{"start":{"line":75,"column":0},"end":{"line":75,"column":46}},"75":{"start":{"line":76,"column":0},"end":{"line":76,"column":38}},"76":{"start":{"line":77,"column":0},"end":{"line":77,"column":54}},"77":{"start":{"line":78,"column":0},"end":{"line":78,"column":57}},"78":{"start":{"line":79,"column":0},"end":{"line":79,"column":18}},"79":{"start":{"line":80,"column":0},"end":{"line":80,"column":17}},"80":{"start":{"line":81,"column":0},"end":{"line":81,"column":25}},"81":{"start":{"line":82,"column":0},"end":{"line":82,"column":46}},"82":{"start":{"line":83,"column":0},"end":{"line":83,"column":37}},"84":{"start":{"line":85,"column":0},"end":{"line":85,"column":45}},"85":{"start":{"line":86,"column":0},"end":{"line":86,"column":49}},"86":{"start":{"line":87,"column":0},"end":{"line":87,"column":46}},"87":{"start":{"line":88,"column":0},"end":{"line":88,"column":51}},"88":{"start":{"line":89,"column":0},"end":{"line":89,"column":19}},"89":{"start":{"line":90,"column":0},"end":{"line":90,"column":14}},"91":{"start":{"line":92,"column":0},"end":{"line":92,"column":38}},"92":{"start":{"line":93,"column":0},"end":{"line":93,"column":52}},"93":{"start":{"line":94,"column":0},"end":{"line":94,"column":54}},"94":{"start":{"line":95,"column":0},"end":{"line":95,"column":18}},"95":{"start":{"line":96,"column":0},"end":{"line":96,"column":17}},"96":{"start":{"line":97,"column":0},"end":{"line":97,"column":23}},"97":{"start":{"line":98,"column":0},"end":{"line":98,"column":46}},"98":{"start":{"line":99,"column":0},"end":{"line":99,"column":35}},"100":{"start":{"line":101,"column":0},"end":{"line":101,"column":51}},"101":{"start":{"line":102,"column":0},"end":{"line":102,"column":60}},"102":{"start":{"line":103,"column":0},"end":{"line":103,"column":47}},"103":{"start":{"line":104,"column":0},"end":{"line":104,"column":56}},"104":{"start":{"line":105,"column":0},"end":{"line":105,"column":19}},"105":{"start":{"line":106,"column":0},"end":{"line":106,"column":14}},"106":{"start":{"line":107,"column":0},"end":{"line":107,"column":12}},"108":{"start":{"line":109,"column":0},"end":{"line":109,"column":46}},"109":{"start":{"line":110,"column":0},"end":{"line":110,"column":38}},"110":{"start":{"line":111,"column":0},"end":{"line":111,"column":54}},"111":{"start":{"line":112,"column":0},"end":{"line":112,"column":60}},"112":{"start":{"line":113,"column":0},"end":{"line":113,"column":18}},"113":{"start":{"line":114,"column":0},"end":{"line":114,"column":16}},"114":{"start":{"line":115,"column":0},"end":{"line":115,"column":25}},"115":{"start":{"line":116,"column":0},"end":{"line":116,"column":23}},"116":{"start":{"line":117,"column":0},"end":{"line":117,"column":44}},"117":{"start":{"line":118,"column":0},"end":{"line":118,"column":37}},"118":{"start":{"line":119,"column":0},"end":{"line":119,"column":12}},"119":{"start":{"line":120,"column":0},"end":{"line":120,"column":14}},"121":{"start":{"line":122,"column":0},"end":{"line":122,"column":38}},"122":{"start":{"line":123,"column":0},"end":{"line":123,"column":57}},"123":{"start":{"line":124,"column":0},"end":{"line":124,"column":58}},"124":{"start":{"line":125,"column":0},"end":{"line":125,"column":18}},"125":{"start":{"line":126,"column":0},"end":{"line":126,"column":17}},"126":{"start":{"line":127,"column":0},"end":{"line":127,"column":28}},"127":{"start":{"line":128,"column":0},"end":{"line":128,"column":46}},"128":{"start":{"line":129,"column":0},"end":{"line":129,"column":40}},"130":{"start":{"line":131,"column":0},"end":{"line":131,"column":49}},"131":{"start":{"line":132,"column":0},"end":{"line":132,"column":35}},"132":{"start":{"line":133,"column":0},"end":{"line":133,"column":52}},"133":{"start":{"line":134,"column":0},"end":{"line":134,"column":27}},"134":{"start":{"line":135,"column":0},"end":{"line":135,"column":23}},"135":{"start":{"line":136,"column":0},"end":{"line":136,"column":15}},"136":{"start":{"line":137,"column":0},"end":{"line":137,"column":19}},"137":{"start":{"line":138,"column":0},"end":{"line":138,"column":14}},"138":{"start":{"line":139,"column":0},"end":{"line":139,"column":12}},"140":{"start":{"line":141,"column":0},"end":{"line":141,"column":51}},"141":{"start":{"line":142,"column":0},"end":{"line":142,"column":22}},"142":{"start":{"line":143,"column":0},"end":{"line":143,"column":77}},"144":{"start":{"line":145,"column":0},"end":{"line":145,"column":19}},"146":{"start":{"line":147,"column":0},"end":{"line":147,"column":79}},"147":{"start":{"line":148,"column":0},"end":{"line":148,"column":80}},"148":{"start":{"line":149,"column":0},"end":{"line":149,"column":44}},"149":{"start":{"line":150,"column":0},"end":{"line":150,"column":17}},"150":{"start":{"line":151,"column":0},"end":{"line":151,"column":12}},"151":{"start":{"line":152,"column":0},"end":{"line":152,"column":11}},"153":{"start":{"line":154,"column":0},"end":{"line":154,"column":1}}},"s":{"0":1,"12":33,"13":33,"14":33,"15":33,"16":33,"17":33,"18":33,"19":33,"20":33,"21":33,"22":33,"23":33,"24":33,"25":33,"26":4,"27":4,"28":4,"29":4,"30":4,"31":4,"32":4,"33":4,"34":4,"35":29,"36":29,"37":29,"38":29,"39":29,"40":33,"42":33,"43":33,"44":33,"45":33,"46":33,"47":33,"48":33,"49":33,"50":33,"51":33,"52":33,"53":33,"54":33,"55":1,"56":1,"57":1,"58":1,"59":1,"61":33,"63":33,"64":33,"65":33,"66":33,"67":33,"68":33,"69":33,"70":33,"71":33,"72":33,"74":33,"75":33,"76":33,"77":33,"78":33,"79":33,"80":33,"81":33,"82":33,"84":33,"85":33,"86":33,"87":33,"88":33,"89":33,"91":33,"92":33,"93":33,"94":33,"95":33,"96":33,"97":33,"98":33,"100":33,"101":33,"102":33,"103":33,"104":33,"105":33,"106":33,"108":33,"109":33,"110":33,"111":33,"112":33,"113":33,"114":33,"115":33,"116":33,"117":33,"118":33,"119":33,"121":33,"122":33,"123":33,"124":33,"125":33,"126":33,"127":33,"128":33,"130":33,"131":33,"132":66,"133":66,"134":66,"135":33,"136":33,"137":33,"138":33,"140":33,"141":33,"142":4,"144":4,"146":33,"147":33,"148":33,"149":33,"150":33,"151":33,"153":33},"branchMap":{"0":{"type":"branch","line":13,"loc":{"start":{"line":13,"column":0},"end":{"line":154,"column":1}},"locations":[{"start":{"line":13,"column":0},"end":{"line":154,"column":1}}]},"1":{"type":"branch","line":26,"loc":{"start":{"line":26,"column":19},"end":{"line":35,"column":9}},"locations":[{"start":{"line":26,"column":19},"end":{"line":35,"column":9}}]},"2":{"type":"branch","line":29,"loc":{"start":{"line":29,"column":28},"end":{"line":29,"column":46}},"locations":[{"start":{"line":29,"column":28},"end":{"line":29,"column":46}}]},"3":{"type":"branch","line":32,"loc":{"start":{"line":32,"column":25},"end":{"line":32,"column":40}},"locations":[{"start":{"line":32,"column":25},"end":{"line":32,"column":40}}]},"4":{"type":"branch","line":35,"loc":{"start":{"line":35,"column":8},"end":{"line":40,"column":10}},"locations":[{"start":{"line":35,"column":8},"end":{"line":40,"column":10}}]},"5":{"type":"branch","line":52,"loc":{"start":{"line":52,"column":52},"end":{"line":52,"column":76}},"locations":[{"start":{"line":52,"column":52},"end":{"line":52,"column":76}}]},"6":{"type":"branch","line":52,"loc":{"start":{"line":52,"column":60},"end":{"line":52,"column":78}},"locations":[{"start":{"line":52,"column":60},"end":{"line":52,"column":78}}]},"7":{"type":"branch","line":55,"loc":{"start":{"line":55,"column":16},"end":{"line":60,"column":18}},"locations":[{"start":{"line":55,"column":16},"end":{"line":60,"column":18}}]},"8":{"type":"branch","line":142,"loc":{"start":{"line":142,"column":9},"end":{"line":145,"column":19}},"locations":[{"start":{"line":142,"column":9},"end":{"line":145,"column":19}}]},"9":{"type":"branch","line":148,"loc":{"start":{"line":148,"column":11},"end":{"line":148,"column":80}},"locations":[{"start":{"line":148,"column":11},"end":{"line":148,"column":80}}]},"10":{"type":"branch","line":149,"loc":{"start":{"line":149,"column":11},"end":{"line":149,"column":30}},"locations":[{"start":{"line":149,"column":11},"end":{"line":149,"column":30}}]},"11":{"type":"branch","line":149,"loc":{"start":{"line":149,"column":18},"end":{"line":149,"column":44}},"locations":[{"start":{"line":149,"column":18},"end":{"line":149,"column":44}}]},"12":{"type":"branch","line":132,"loc":{"start":{"line":132,"column":24},"end":{"line":135,"column":23}},"locations":[{"start":{"line":132,"column":24},"end":{"line":135,"column":23}}]}},"b":{"0":[33],"1":[4],"2":[0],"3":[0],"4":[29],"5":[1],"6":[32],"7":[1],"8":[4],"9":[4],"10":[4],"11":[29],"12":[66]},"fnMap":{"0":{"name":"TaskForm","decl":{"start":{"line":13,"column":0},"end":{"line":154,"column":1}},"loc":{"start":{"line":13,"column":0},"end":{"line":154,"column":1}},"line":13}},"f":{"0":33}}
,"/home/talentwell/symphony-workspaces/ENG-86/apps/web/src/hooks/useAuth.tsx": {"path":"/home/talentwell/symphony-workspaces/ENG-86/apps/web/src/hooks/useAuth.tsx","all":false,"statementMap":{"0":{"start":{"line":1,"column":0},"end":{"line":1,"column":8}},"26":{"start":{"line":27,"column":0},"end":{"line":27,"column":64}},"28":{"start":{"line":29,"column":0},"end":{"line":29,"column":69}},"29":{"start":{"line":30,"column":0},"end":{"line":30,"column":54}},"30":{"start":{"line":31,"column":0},"end":{"line":31,"column":57}},"31":{"start":{"line":32,"column":0},"end":{"line":32,"column":41}},"32":{"start":{"line":33,"column":0},"end":{"line":33,"column":4}},"33":{"start":{"line":34,"column":0},"end":{"line":34,"column":51}},"35":{"start":{"line":36,"column":0},"end":{"line":36,"column":52}},"36":{"start":{"line":37,"column":0},"end":{"line":37,"column":9}},"37":{"start":{"line":38,"column":0},"end":{"line":38,"column":55}},"38":{"start":{"line":39,"column":0},"end":{"line":39,"column":20}},"39":{"start":{"line":40,"column":0},"end":{"line":40,"column":13}},"40":{"start":{"line":41,"column":0},"end":{"line":41,"column":21}},"41":{"start":{"line":42,"column":0},"end":{"line":42,"column":20}},"42":{"start":{"line":43,"column":0},"end":{"line":43,"column":46}},"43":{"start":{"line":44,"column":0},"end":{"line":44,"column":47}},"44":{"start":{"line":45,"column":0},"end":{"line":45,"column":15}},"45":{"start":{"line":46,"column":0},"end":{"line":46,"column":26}},"46":{"start":{"line":47,"column":0},"end":{"line":47,"column":5}},"47":{"start":{"line":48,"column":0},"end":{"line":48,"column":9}},"49":{"start":{"line":50,"column":0},"end":{"line":50,"column":19}},"50":{"start":{"line":51,"column":0},"end":{"line":51,"column":16}},"51":{"start":{"line":52,"column":0},"end":{"line":52,"column":25}},"52":{"start":{"line":53,"column":0},"end":{"line":53,"column":12}},"53":{"start":{"line":54,"column":0},"end":{"line":54,"column":26}},"54":{"start":{"line":55,"column":0},"end":{"line":55,"column":5}},"55":{"start":{"line":56,"column":0},"end":{"line":56,"column":32}},"57":{"start":{"line":58,"column":0},"end":{"line":58,"column":64}},"58":{"start":{"line":59,"column":0},"end":{"line":59,"column":76}},"59":{"start":{"line":60,"column":0},"end":{"line":60,"column":60}},"60":{"start":{"line":61,"column":0},"end":{"line":61,"column":62}},"61":{"start":{"line":62,"column":0},"end":{"line":62,"column":32}},"62":{"start":{"line":63,"column":0},"end":{"line":63,"column":63}},"63":{"start":{"line":64,"column":0},"end":{"line":64,"column":22}},"64":{"start":{"line":65,"column":0},"end":{"line":65,"column":9}},"66":{"start":{"line":67,"column":0},"end":{"line":67,"column":70}},"67":{"start":{"line":68,"column":0},"end":{"line":68,"column":47}},"68":{"start":{"line":69,"column":0},"end":{"line":69,"column":9}},"70":{"start":{"line":71,"column":0},"end":{"line":71,"column":36}},"71":{"start":{"line":72,"column":0},"end":{"line":72,"column":44}},"72":{"start":{"line":73,"column":0},"end":{"line":73,"column":45}},"73":{"start":{"line":74,"column":0},"end":{"line":74,"column":19}},"74":{"start":{"line":75,"column":0},"end":{"line":75,"column":18}},"75":{"start":{"line":76,"column":0},"end":{"line":76,"column":9}},"77":{"start":{"line":78,"column":0},"end":{"line":78,"column":10}},"78":{"start":{"line":79,"column":0},"end":{"line":79,"column":25}},"79":{"start":{"line":80,"column":0},"end":{"line":80,"column":14}},"80":{"start":{"line":81,"column":0},"end":{"line":81,"column":13}},"81":{"start":{"line":82,"column":0},"end":{"line":82,"column":14}},"82":{"start":{"line":83,"column":0},"end":{"line":83,"column":32}},"83":{"start":{"line":84,"column":0},"end":{"line":84,"column":18}},"84":{"start":{"line":85,"column":0},"end":{"line":85,"column":14}},"85":{"start":{"line":86,"column":0},"end":{"line":86,"column":17}},"86":{"start":{"line":87,"column":0},"end":{"line":87,"column":15}},"87":{"start":{"line":88,"column":0},"end":{"line":88,"column":8}},"89":{"start":{"line":90,"column":0},"end":{"line":90,"column":16}},"90":{"start":{"line":91,"column":0},"end":{"line":91,"column":27}},"92":{"start":{"line":93,"column":0},"end":{"line":93,"column":1}},"94":{"start":{"line":95,"column":0},"end":{"line":95,"column":44}},"95":{"start":{"line":96,"column":0},"end":{"line":96,"column":42}},"96":{"start":{"line":97,"column":0},"end":{"line":97,"column":17}},"97":{"start":{"line":98,"column":0},"end":{"line":98,"column":67}},"98":{"start":{"line":99,"column":0},"end":{"line":99,"column":3}},"99":{"start":{"line":100,"column":0},"end":{"line":100,"column":17}},"100":{"start":{"line":101,"column":0},"end":{"line":101,"column":1}}},"s":{"0":1,"26":1,"28":1,"29":21,"30":21,"31":8,"32":21,"33":21,"35":21,"36":4,"37":4,"38":3,"39":4,"40":1,"41":1,"42":1,"43":1,"44":4,"45":4,"46":4,"47":21,"49":21,"50":11,"51":4,"52":11,"53":7,"54":7,"55":21,"57":21,"58":2,"59":1,"60":1,"61":1,"62":1,"63":1,"64":21,"66":21,"67":2,"68":21,"70":21,"71":1,"72":1,"73":1,"74":1,"75":21,"77":21,"78":21,"79":21,"80":21,"81":21,"82":21,"83":21,"84":21,"85":21,"86":21,"87":21,"89":21,"90":21,"92":21,"94":1,"95":22,"96":22,"97":4,"98":4,"99":18,"100":18},"branchMap":{"0":{"type":"branch","line":29,"loc":{"start":{"line":29,"column":7},"end":{"line":93,"column":1}},"locations":[{"start":{"line":29,"column":7},"end":{"line":93,"column":1}}]},"1":{"type":"branch","line":31,"loc":{"start":{"line":31,"column":52},"end":{"line":32,"column":41}},"locations":[{"start":{"line":31,"column":52},"end":{"line":32,"column":41}}]},"2":{"type":"branch","line":36,"loc":{"start":{"line":36,"column":39},"end":{"line":48,"column":5}},"locations":[{"start":{"line":36,"column":39},"end":{"line":48,"column":5}}]},"3":{"type":"branch","line":38,"loc":{"start":{"line":38,"column":53},"end":{"line":40,"column":12}},"locations":[{"start":{"line":38,"column":53},"end":{"line":40,"column":12}}]},"4":{"type":"branch","line":40,"loc":{"start":{"line":40,"column":4},"end":{"line":45,"column":6}},"locations":[{"start":{"line":40,"column":4},"end":{"line":45,"column":6}}]},"5":{"type":"branch","line":50,"loc":{"start":{"line":50,"column":12},"end":{"line":56,"column":5}},"locations":[{"start":{"line":50,"column":12},"end":{"line":56,"column":5}}]},"6":{"type":"branch","line":51,"loc":{"start":{"line":51,"column":15},"end":{"line":53,"column":11}},"locations":[{"start":{"line":51,"column":15},"end":{"line":53,"column":11}}]},"7":{"type":"branch","line":53,"loc":{"start":{"line":53,"column":4},"end":{"line":55,"column":5}},"locations":[{"start":{"line":53,"column":4},"end":{"line":55,"column":5}}]},"8":{"type":"branch","line":58,"loc":{"start":{"line":58,"column":28},"end":{"line":65,"column":5}},"locations":[{"start":{"line":58,"column":28},"end":{"line":65,"column":5}}]},"9":{"type":"branch","line":59,"loc":{"start":{"line":59,"column":74},"end":{"line":64,"column":22}},"locations":[{"start":{"line":59,"column":74},"end":{"line":64,"column":22}}]},"10":{"type":"branch","line":67,"loc":{"start":{"line":67,"column":31},"end":{"line":69,"column":5}},"locations":[{"start":{"line":67,"column":31},"end":{"line":69,"column":5}}]},"11":{"type":"branch","line":68,"loc":{"start":{"line":68,"column":45},"end":{"line":68,"column":47}},"locations":[{"start":{"line":68,"column":45},"end":{"line":68,"column":47}}]},"12":{"type":"branch","line":71,"loc":{"start":{"line":71,"column":29},"end":{"line":76,"column":5}},"locations":[{"start":{"line":71,"column":29},"end":{"line":76,"column":5}}]},"13":{"type":"branch","line":95,"loc":{"start":{"line":95,"column":7},"end":{"line":101,"column":1}},"locations":[{"start":{"line":95,"column":7},"end":{"line":101,"column":1}}]},"14":{"type":"branch","line":97,"loc":{"start":{"line":97,"column":16},"end":{"line":99,"column":3}},"locations":[{"start":{"line":97,"column":16},"end":{"line":99,"column":3}}]},"15":{"type":"branch","line":99,"loc":{"start":{"line":99,"column":2},"end":{"line":101,"column":1}},"locations":[{"start":{"line":99,"column":2},"end":{"line":101,"column":1}}]}},"b":{"0":[21],"1":[8],"2":[4],"3":[3],"4":[1],"5":[11],"6":[4],"7":[7],"8":[2],"9":[1],"10":[2],"11":[1],"12":[1],"13":[22],"14":[4],"15":[18]},"fnMap":{"0":{"name":"AuthProvider","decl":{"start":{"line":29,"column":7},"end":{"line":93,"column":1}},"loc":{"start":{"line":29,"column":7},"end":{"line":93,"column":1}},"line":29},"1":{"name":"useAuth","decl":{"start":{"line":95,"column":7},"end":{"line":101,"column":1}},"loc":{"start":{"line":95,"column":7},"end":{"line":101,"column":1}},"line":95}},"f":{"0":21,"1":22}}
,"/home/talentwell/symphony-workspaces/ENG-86/apps/web/src/hooks/useComments.ts": {"path":"/home/talentwell/symphony-workspaces/ENG-86/apps/web/src/hooks/useComments.ts","all":false,"statementMap":{"0":{"start":{"line":1,"column":0},"end":{"line":1,"column":78}},"4":{"start":{"line":5,"column":0},"end":{"line":5,"column":32}},"6":{"start":{"line":7,"column":0},"end":{"line":7,"column":45}},"7":{"start":{"line":8,"column":0},"end":{"line":8,"column":19}},"8":{"start":{"line":9,"column":0},"end":{"line":9,"column":37}},"9":{"start":{"line":10,"column":0},"end":{"line":10,"column":26}},"10":{"start":{"line":11,"column":0},"end":{"line":11,"column":77}},"11":{"start":{"line":12,"column":0},"end":{"line":12,"column":18}},"12":{"start":{"line":13,"column":0},"end":{"line":13,"column":6}},"13":{"start":{"line":14,"column":0},"end":{"line":14,"column":22}},"14":{"start":{"line":15,"column":0},"end":{"line":15,"column":5}},"15":{"start":{"line":16,"column":0},"end":{"line":16,"column":1}},"17":{"start":{"line":18,"column":0},"end":{"line":18,"column":36}},"18":{"start":{"line":19,"column":0},"end":{"line":19,"column":39}},"19":{"start":{"line":20,"column":0},"end":{"line":20,"column":22}},"20":{"start":{"line":21,"column":0},"end":{"line":21,"column":24}},"21":{"start":{"line":22,"column":0},"end":{"line":22,"column":13}},"22":{"start":{"line":23,"column":0},"end":{"line":23,"column":20}},"23":{"start":{"line":24,"column":0},"end":{"line":24,"column":49}},"24":{"start":{"line":25,"column":0},"end":{"line":25,"column":47}},"25":{"start":{"line":26,"column":0},"end":{"line":26,"column":36}},"26":{"start":{"line":27,"column":0},"end":{"line":27,"column":20}},"27":{"start":{"line":28,"column":0},"end":{"line":28,"column":8}},"28":{"start":{"line":29,"column":0},"end":{"line":29,"column":18}},"29":{"start":{"line":30,"column":0},"end":{"line":30,"column":6}},"30":{"start":{"line":31,"column":0},"end":{"line":31,"column":38}},"31":{"start":{"line":32,"column":0},"end":{"line":32,"column":37}},"32":{"start":{"line":33,"column":0},"end":{"line":33,"column":51}},"33":{"start":{"line":34,"column":0},"end":{"line":34,"column":9}},"34":{"start":{"line":35,"column":0},"end":{"line":35,"column":6}},"35":{"start":{"line":36,"column":0},"end":{"line":36,"column":5}},"36":{"start":{"line":37,"column":0},"end":{"line":37,"column":1}}},"s":{"0":1,"4":1,"6":1,"7":5,"8":5,"9":5,"10":2,"11":1,"12":2,"13":5,"14":5,"15":5,"17":1,"18":2,"19":2,"20":2,"21":2,"22":2,"23":2,"24":2,"25":2,"26":2,"27":2,"28":1,"29":2,"30":2,"31":1,"32":1,"33":1,"34":1,"35":2,"36":2},"branchMap":{"0":{"type":"branch","line":7,"loc":{"start":{"line":7,"column":7},"end":{"line":16,"column":1}},"locations":[{"start":{"line":7,"column":7},"end":{"line":16,"column":1}}]},"1":{"type":"branch","line":10,"loc":{"start":{"line":10,"column":13},"end":{"line":13,"column":6}},"locations":[{"start":{"line":10,"column":13},"end":{"line":13,"column":6}}]},"2":{"type":"branch","line":11,"loc":{"start":{"line":11,"column":75},"end":{"line":12,"column":18}},"locations":[{"start":{"line":11,"column":75},"end":{"line":12,"column":18}}]},"3":{"type":"branch","line":18,"loc":{"start":{"line":18,"column":7},"end":{"line":37,"column":1}},"locations":[{"start":{"line":18,"column":7},"end":{"line":37,"column":1}}]},"4":{"type":"branch","line":21,"loc":{"start":{"line":21,"column":16},"end":{"line":30,"column":6}},"locations":[{"start":{"line":21,"column":16},"end":{"line":30,"column":6}}]},"5":{"type":"branch","line":28,"loc":{"start":{"line":28,"column":6},"end":{"line":29,"column":18}},"locations":[{"start":{"line":28,"column":6},"end":{"line":29,"column":18}}]},"6":{"type":"branch","line":31,"loc":{"start":{"line":31,"column":15},"end":{"line":35,"column":6}},"locations":[{"start":{"line":31,"column":15},"end":{"line":35,"column":6}}]}},"b":{"0":[5],"1":[2],"2":[1],"3":[2],"4":[2],"5":[1],"6":[1]},"fnMap":{"0":{"name":"useComments","decl":{"start":{"line":7,"column":7},"end":{"line":16,"column":1}},"loc":{"start":{"line":7,"column":7},"end":{"line":16,"column":1}},"line":7},"1":{"name":"queryFn","decl":{"start":{"line":10,"column":13},"end":{"line":13,"column":6}},"loc":{"start":{"line":10,"column":13},"end":{"line":13,"column":6}},"line":10},"2":{"name":"useCreateComment","decl":{"start":{"line":18,"column":7},"end":{"line":37,"column":1}},"loc":{"start":{"line":18,"column":7},"end":{"line":37,"column":1}},"line":18},"3":{"name":"mutationFn","decl":{"start":{"line":21,"column":16},"end":{"line":30,"column":6}},"loc":{"start":{"line":21,"column":16},"end":{"line":30,"column":6}},"line":21},"4":{"name":"onSuccess","decl":{"start":{"line":31,"column":15},"end":{"line":35,"column":6}},"loc":{"start":{"line":31,"column":15},"end":{"line":35,"column":6}},"line":31}},"f":{"0":5,"1":2,"2":2,"3":2,"4":1}}
,"/home/talentwell/symphony-workspaces/ENG-86/apps/web/src/hooks/useDashboard.ts": {"path":"/home/talentwell/symphony-workspaces/ENG-86/apps/web/src/hooks/useDashboard.ts","all":false,"statementMap":{"0":{"start":{"line":1,"column":0},"end":{"line":1,"column":49}},"4":{"start":{"line":5,"column":0},"end":{"line":5,"column":37}},"5":{"start":{"line":6,"column":0},"end":{"line":6,"column":19}},"6":{"start":{"line":7,"column":0},"end":{"line":7,"column":34}},"7":{"start":{"line":8,"column":0},"end":{"line":8,"column":26}},"8":{"start":{"line":9,"column":0},"end":{"line":9,"column":73}},"9":{"start":{"line":10,"column":0},"end":{"line":10,"column":18}},"10":{"start":{"line":11,"column":0},"end":{"line":11,"column":6}},"11":{"start":{"line":12,"column":0},"end":{"line":12,"column":5}},"12":{"start":{"line":13,"column":0},"end":{"line":13,"column":1}}},"s":{"0":1,"4":1,"5":5,"6":5,"7":5,"8":3,"9":1,"10":3,"11":5,"12":5},"branchMap":{"0":{"type":"branch","line":5,"loc":{"start":{"line":5,"column":7},"end":{"line":13,"column":1}},"locations":[{"start":{"line":5,"column":7},"end":{"line":13,"column":1}}]},"1":{"type":"branch","line":8,"loc":{"start":{"line":8,"column":13},"end":{"line":11,"column":6}},"locations":[{"start":{"line":8,"column":13},"end":{"line":11,"column":6}}]},"2":{"type":"branch","line":9,"loc":{"start":{"line":9,"column":71},"end":{"line":10,"column":18}},"locations":[{"start":{"line":9,"column":71},"end":{"line":10,"column":18}}]}},"b":{"0":[5],"1":[3],"2":[1]},"fnMap":{"0":{"name":"useDashboardStats","decl":{"start":{"line":5,"column":7},"end":{"line":13,"column":1}},"loc":{"start":{"line":5,"column":7},"end":{"line":13,"column":1}},"line":5},"1":{"name":"queryFn","decl":{"start":{"line":8,"column":13},"end":{"line":11,"column":6}},"loc":{"start":{"line":8,"column":13},"end":{"line":11,"column":6}},"line":8}},"f":{"0":5,"1":3}}
,"/home/talentwell/symphony-workspaces/ENG-86/apps/web/src/hooks/useTasks.ts": {"path":"/home/talentwell/symphony-workspaces/ENG-86/apps/web/src/hooks/useTasks.ts","all":false,"statementMap":{"0":{"start":{"line":1,"column":0},"end":{"line":1,"column":78}},"10":{"start":{"line":11,"column":0},"end":{"line":11,"column":26}},"12":{"start":{"line":13,"column":0},"end":{"line":13,"column":56}},"13":{"start":{"line":14,"column":0},"end":{"line":14,"column":19}},"14":{"start":{"line":15,"column":0},"end":{"line":15,"column":35}},"15":{"start":{"line":16,"column":0},"end":{"line":16,"column":26}},"16":{"start":{"line":17,"column":0},"end":{"line":17,"column":43}},"17":{"start":{"line":18,"column":0},"end":{"line":18,"column":63}},"18":{"start":{"line":19,"column":0},"end":{"line":19,"column":69}},"19":{"start":{"line":20,"column":0},"end":{"line":20,"column":69}},"20":{"start":{"line":21,"column":0},"end":{"line":21,"column":54}},"21":{"start":{"line":22,"column":0},"end":{"line":22,"column":63}},"22":{"start":{"line":23,"column":0},"end":{"line":23,"column":65}},"23":{"start":{"line":24,"column":0},"end":{"line":24,"column":80}},"24":{"start":{"line":25,"column":0},"end":{"line":25,"column":62}},"25":{"start":{"line":26,"column":0},"end":{"line":26,"column":38}},"26":{"start":{"line":27,"column":0},"end":{"line":27,"column":8}},"27":{"start":{"line":28,"column":0},"end":{"line":28,"column":18}},"28":{"start":{"line":29,"column":0},"end":{"line":29,"column":6}},"29":{"start":{"line":30,"column":0},"end":{"line":30,"column":5}},"30":{"start":{"line":31,"column":0},"end":{"line":31,"column":1}},"32":{"start":{"line":33,"column":0},"end":{"line":33,"column":37}},"33":{"start":{"line":34,"column":0},"end":{"line":34,"column":19}},"34":{"start":{"line":35,"column":0},"end":{"line":35,"column":30}},"35":{"start":{"line":36,"column":0},"end":{"line":36,"column":26}},"36":{"start":{"line":37,"column":0},"end":{"line":37,"column":59}},"37":{"start":{"line":38,"column":0},"end":{"lin
[...]
"70":{"start":{"line":71,"column":0},"end":{"line":71,"column":25}},"71":{"start":{"line":72,"column":0},"end":{"line":72,"column":23}},"72":{"start":{"line":73,"column":0},"end":{"line":73,"column":19}},"73":{"start":{"line":74,"column":0},"end":{"line":74,"column":46}},"74":{"start":{"line":75,"column":0},"end":{"line":75,"column":22}},"75":{"start":{"line":76,"column":0},"end":{"line":76,"column":23}},"76":{"start":{"line":77,"column":0},"end":{"line":77,"column":33}},"77":{"start":{"line":78,"column":0},"end":{"line":78,"column":66}},"78":{"start":{"line":79,"column":0},"end":{"line":79,"column":21}},"80":{"start":{"line":81,"column":0},"end":{"line":81,"column":25}},"81":{"start":{"line":82,"column":0},"end":{"line":82,"column":23}},"83":{"start":{"line":84,"column":0},"end":{"line":84,"column":22}},"84":{"start":{"line":85,"column":0},"end":{"line":85,"column":20}},"85":{"start":{"line":86,"column":0},"end":{"line":86,"column":16}},"87":{"start":{"line":88,"column":0},"end":{"line":88,"column":44}},"88":{"start":{"line":89,"column":0},"end":{"line":89,"column":54}},"89":{"start":{"line":90,"column":0},"end":{"line":90,"column":36}},"90":{"start":{"line":91,"column":0},"end":{"line":91,"column":69}},"91":{"start":{"line":92,"column":0},"end":{"line":92,"column":25}},"92":{"start":{"line":93,"column":0},"end":{"line":93,"column":31}},"93":{"start":{"line":94,"column":0},"end":{"line":94,"column":55}},"94":{"start":{"line":95,"column":0},"end":{"line":95,"column":64}},"95":{"start":{"line":96,"column":0},"end":{"line":96,"column":23}},"96":{"start":{"line":97,"column":0},"end":{"line":97,"column":75}},"98":{"start":{"line":99,"column":0},"end":{"line":99,"column":27}},"99":{"start":{"line":100,"column":0},"end":{"line":100,"column":27}},"100":{"start":{"line":101,"column":0},"end":{"line":101,"column":19}},"101":{"start":{"line":102,"column":0},"end":{"line":102,"column":20}},"102":{"start":{"line":103,"column":0},"end":{"line":103,"column":18}},"104":{"start":{"line":105,"column":0},"end":{"line":105,"column":11}},"106":{"start":{"line":107,"column":0},"end":{"line":107,"column":10}},"108":{"start":{"line":109,"column":0},"end":{"line":109,"column":1}}},"s":{"0":1,"6":1,"7":1,"8":1,"9":1,"10":1,"11":1,"13":17,"14":17,"15":17,"16":17,"18":17,"19":17,"20":17,"21":17,"22":17,"24":17,"25":17,"26":17,"28":17,"29":1,"30":1,"31":1,"33":16,"34":16,"35":16,"36":16,"37":16,"38":16,"39":16,"40":16,"41":16,"42":16,"43":16,"44":16,"45":16,"46":16,"47":17,"48":17,"49":17,"50":17,"52":17,"53":17,"54":17,"55":17,"56":17,"57":17,"58":17,"59":17,"60":17,"62":17,"63":17,"64":17,"65":17,"66":17,"67":17,"68":8,"69":9,"70":17,"71":17,"72":16,"73":16,"74":6,"75":6,"76":6,"77":6,"78":6,"80":6,"81":6,"83":16,"84":16,"85":16,"87":16,"88":3,"89":3,"90":3,"91":9,"92":9,"93":9,"94":9,"95":9,"96":9,"98":9,"99":9,"100":3,"101":3,"102":3,"104":16,"106":17,"108":17},"branchMap":{"0":{"type":"branch","line":14,"loc":{"start":{"line":14,"column":0},"end":{"line":109,"column":1}},"locations":[{"start":{"line":14,"column":0},"end":{"line":109,"column":1}}]},"1":{"type":"branch","line":29,"loc":{"start":{"line":29,"column":7},"end":{"line":32,"column":14}},"locations":[{"start":{"line":29,"column":7},"end":{"line":32,"column":14}}]},"2":{"type":"branch","line":32,"loc":{"start":{"line":32,"column":8},"end":{"line":105,"column":11}},"locations":[{"start":{"line":32,"column":8},"end":{"line":105,"column":11}}]},"3":{"type":"branch","line":74,"loc":{"start":{"line":74,"column":40},"end":{"line":82,"column":23}},"locations":[{"start":{"line":74,"column":40},"end":{"line":82,"column":23}}]},"4":{"type":"branch","line":88,"loc":{"start":{"line":88,"column":38},"end":{"line":103,"column":18}},"locations":[{"start":{"line":88,"column":38},"end":{"line":103,"column":18}}]},"5":{"type":"branch","line":47,"loc":{"start":{"line":47,"column":33},"end":{"line":72,"column":23}},"locations":[{"start":{"line":47,"column":33},"end":{"line":72,"column":23}}]},"6":{"type":"branch","line":66,"loc":{"start":{"line":66,"column":30},"end":{"line":66,"column":48}},"locations":[{"start":{"line":66,"column":30},"end":{"line":66,"column":48}}]},"7":{"type":"branch","line":66,"loc":{"start":{"line":66,"column":40},"end":{"line":66,"column":52}},"locations":[{"start":{"line":66,"column":40},"end":{"line":66,"column":52}}]},"8":{"type":"branch","line":68,"loc":{"start":{"line":68,"column":28},"end":{"line":69,"column":74}},"locations":[{"start":{"line":68,"column":28},"end":{"line":69,"column":74}}]},"9":{"type":"branch","line":69,"loc":{"start":{"line":69,"column":73},"end":{"line":70,"column":30}},"locations":[{"start":{"line":69,"column":73},"end":{"line":70,"column":30}}]},"10":{"type":"branch","line":51,"loc":{"start":{"line":51,"column":29},"end":{"line":51,"column":65}},"locations":[{"start":{"line":51,"column":29},"end":{"line":51,"column":65}}]},"11":{"type":"branch","line":91,"loc":{"start":{"line":91,"column":58},"end":{"line":100,"column":27}},"locations":[{"start":{"line":91,"column":58},"end":{"line":100,"column":27}}]},"12":{"type":"branch","line":95,"loc":{"start":{"line":95,"column":43},"end":{"line":95,"column":62}},"locations":[{"start":{"line":95,"column":43},"end":{"line":95,"column":62}}]},"13":{"type":"branch","line":95,"loc":{"start":{"line":95,"column":47},"end":{"line":95,"column":64}},"locations":[{"start":{"line":95,"column":47},"end":{"line":95,"column":64}}]},"14":{"type":"branch","line":97,"loc":{"start":{"line":97,"column":29},"end":{"line":97,"column":75}},"locations":[{"start":{"line":97,"column":29},"end":{"line":97,"column":75}}]}},"b":{"0":[17],"1":[1],"2":[16],"3":[6],"4":[3],"5":[17],"6":[8],"7":[9],"8":[8],"9":[9],"10":[1],"11":[9],"12":[3],"13":[6],"14":[1]},"fnMap":{"0":{"name":"TaskListPage","decl":{"start":{"line":14,"column":0},"end":{"line":109,"column":1}},"loc":{"start":{"line":14,"column":0},"end":{"line":109,"column":1}},"line":14},"1":{"name":"onClick","decl":{"start":{"line":51,"column":29},"end":{"line":51,"column":65}},"loc":{"start":{"line":51,"column":29},"end":{"line":51,"column":65}},"line":51},"2":{"name":"onClick","decl":{"start":{"line":97,"column":29},"end":{"line":97,"column":75}},"loc":{"start":{"line":97,"column":29},"end":{"line":97,"column":75}},"line":97}},"f":{"0":17,"1":1,"2":1}}
,"/home/talentwell/symphony-workspaces/ENG-86/apps/web/src/pages/TeamPage.tsx": {"path":"/home/talentwell/symphony-workspaces/ENG-86/apps/web/src/pages/TeamPage.tsx","all":false,"statementMap":{"0":{"start":{"line":1,"column":0},"end":{"line":1,"column":45}},"2":{"start":{"line":3,"column":0},"end":{"line":3,"column":44}},"3":{"start":{"line":4,"column":0},"end":{"line":4,"column":25}},"4":{"start":{"line":5,"column":0},"end":{"line":5,"column":24}},"5":{"start":{"line":6,"column":0},"end":{"line":6,"column":2}},"7":{"start":{"line":8,"column":0},"end":{"line":8,"column":36}},"8":{"start":{"line":9,"column":0},"end":{"line":9,"column":48}},"10":{"start":{"line":11,"column":0},"end":{"line":11,"column":18}},"11":{"start":{"line":12,"column":0},"end":{"line":12,"column":12}},"12":{"start":{"line":13,"column":0},"end":{"line":13,"column":49}},"13":{"start":{"line":14,"column":0},"end":{"line":14,"column":68}},"14":{"start":{"line":15,"column":0},"end":{"line":15,"column":12}},"16":{"start":{"line":17,"column":0},"end":{"line":17,"column":3}},"18":{"start":{"line":19,"column":0},"end":{"line":19,"column":10}},"19":{"start":{"line":20,"column":0},"end":{"line":20,"column":9}},"20":{"start":{"line":21,"column":0},"end":{"line":21,"column":57}},"22":{"start":{"line":23,"column":0},"end":{"line":23,"column":76}},"23":{"start":{"line":24,"column":0},"end":{"line":24,"column":31}},"24":{"start":{"line":25,"column":0},"end":{"line":25,"column":68}},"25":{"start":{"line":26,"column":0},"end":{"line":26,"column":71}},"26":{"start":{"line":27,"column":0},"end":{"line":27,"column":50}},"27":{"start":{"line":28,"column":0},"end":{"line":28,"column":83}},"28":{"start":{"line":29,"column":0},"end":{"line":29,"column":44}},"29":{"start":{"line":30,"column":0},"end":{"line":30,"column":55}},"30":{"start":{"line":31,"column":0},"end":{"line":31,"column":25}},"31":{"start":{"line":32,"column":0},"end":{"line":32,"column":22}},"32":{"start":{"line":33,"column":0},"end":{"line":33,"column":20}},"33":{"start":{"line":34,"column":0},"end":{"line":34,"column":46}},"34":{"start":{"line":35,"column":0},"end":{"line":35,"column":71}},"35":{"start":{"line":36,"column":0},"end":{"line":36,"column":69}},"36":{"start":{"line":37,"column":0},"end":{"line":37,"column":30}},"37":{"start":{"line":38,"column":0},"end":{"line":38,"column":20}},"38":{"start":{"line":39,"column":0},"end":{"line":39,"column":20}},"39":{"start":{"line":40,"column":0},"end":{"line":40,"column":71}},"40":{"start":{"line":41,"column":0},"end":{"line":41,"column":27}},"41":{"start":{"line":42,"column":0},"end":{"line":42,"column":21}},"42":{"start":{"line":43,"column":0},"end":{"line":43,"column":18}},"43":{"start":{"line":44,"column":0},"end":{"line":44,"column":16}},"44":{"start":{"line":45,"column":0},"end":{"line":45,"column":11}},"45":{"start":{"line":46,"column":0},"end":{"line":46,"column":33}},"46":{"start":{"line":47,"column":0},"end":{"line":47,"column":72}},"48":{"start":{"line":49,"column":0},"end":{"line":49,"column":14}},"50":{"start":{"line":51,"column":0},"end":{"line":51,"column":12}},"51":{"start":{"line":52,"column":0},"end":{"line":52,"column":10}},"53":{"start":{"line":54,"column":0},"end":{"line":54,"column":1}}},"s":{"0":1,"2":1,"3":1,"4":1,"5":1,"7":5,"8":5,"10":5,"11":1,"12":1,"13":1,"14":1,"16":1,"18":4,"19":4,"20":4,"22":4,"23":5,"24":5,"25":5,"26":5,"27":5,"28":5,"29":5,"30":5,"31":5,"32":5,"33":5,"34":5,"35":5,"36":5,"37":5,"38":5,"39":5,"40":5,"41":5,"42":5,"43":5,"44":5,"45":5,"46":1,"48":1,"50":5,"51":5,"53":5},"branchMap":{"0":{"type":"branch","line":8,"loc":{"start":{"line":8,"column":0},"end":{"line":54,"column":1}},"locations":[{"start":{"line":8,"column":0},"end":{"line":54,"column":1}}]},"1":{"type":"branch","line":11,"loc":{"start":{"line":11,"column":17},"end":{"line":17,"column":3}},"locations":[{"start":{"line":11,"column":17},"end":{"line":17,"column":3}}]},"2":{"type":"branch","line":17,"loc":{"start":{"line":17,"column":2},"end":{"line":24,"column":20}},"locations":[{"start":{"line":17,"column":2},"end":{"line":24,"column":20}}]},"3":{"type":"branch","line":46,"loc":{"start":{"line":46,"column":9},"end":{"line":46,"column":27}},"locations":[{"start":{"line":46,"column":9},"end":{"line":46,"column":27}}]},"4":{"type":"branch","line":46,"loc":{"start":{"line":46,"column":27},"end":{"line":49,"column":14}},"locations":[{"start":{"line":46,"column":27},"end":{"line":49,"column":14}}]},"5":{"type":"branch","line":24,"loc":{"start":{"line":24,"column":20},"end":{"line":44,"column":16}},"locations":[{"start":{"line":24,"column":20},"end":{"line":44,"column":16}}]},"6":{"type":"branch","line":40,"loc":{"start":{"line":40,"column":60},"end":{"line":40,"column":67}},"locations":[{"start":{"line":40,"column":60},"end":{"line":40,"column":67}}]}},"b":{"0":[5],"1":[1],"2":[4],"3":[4],"4":[1],"5":[5],"6":[0]},"fnMap":{"0":{"name":"TeamPage","decl":{"start":{"line":8,"column":0},"end":{"line":54,"column":1}},"loc":{"start":{"line":8,"column":0},"end":{"line":54,"column":1}},"line":8}},"f":{"0":5}}
,"/home/talentwell/symphony-workspaces/ENG-86/apps/web/src/services/api.ts": {"path":"/home/talentwell/symphony-workspaces/ENG-86/apps/web/src/services/api.ts","all":false,"statementMap":{"0":{"start":{"line":1,"column":0},"end":{"line":1,"column":26}},"3":{"start":{"line":4,"column":0},"end":{"line":4,"column":31}},"5":{"start":{"line":6,"column":0},"end":{"line":6,"column":26}},"6":{"start":{"line":7,"column":0},"end":{"line":7,"column":24}},"7":{"start":{"line":8,"column":0},"end":{"line":8,"column":12}},"8":{"start":{"line":9,"column":0},"end":{"line":9,"column":39}},"9":{"start":{"line":10,"column":0},"end":{"line":10,"column":4}},"10":{"start":{"line":11,"column":0},"end":{"line":11,"column":3}},"12":{"start":{"line":13,"column":0},"end":{"line":13,"column":42}},"13":{"start":{"line":14,"column":0},"end":{"line":14,"column":53}},"14":{"start":{"line":15,"column":0},"end":{"line":15,"column":14}},"15":{"start":{"line":16,"column":0},"end":{"line":16,"column":53}},"16":{"start":{"line":17,"column":0},"end":{"line":17,"column":3}},"17":{"start":{"line":18,"column":0},"end":{"line":18,"column":16}},"18":{"start":{"line":19,"column":0},"end":{"line":19,"column":3}},"20":{"start":{"line":21,"column":0},"end":{"line":21,"column":30}},"21":{"start":{"line":22,"column":0},"end":{"line":22,"column":25}},"22":{"start":{"line":23,"column":0},"end":{"line":23,"column":20}},"23":{"start":{"line":24,"column":0},"end":{"line":24,"column":41}},"25":{"start":{"line":26,"column":0},"end":{"line":26,"column":68}},"26":{"start":{"line":27,"column":0},"end":{"line":27,"column":36}},"28":{"start":{"line":29,"column":0},"end":{"line":29,"column":65}},"29":{"start":{"line":30,"column":0},"end":{"line":30,"column":25}},"30":{"start":{"line":31,"column":0},"end":{"line":31,"column":13}},"31":{"start":{"line":32,"column":0},"end":{"line":32,"column":59}},"32":{"start":{"line":33,"column":0},"end":{"line":33,"column":43}},"33":{"start":{"line":34,"column":0},"end":{"line":34,"column":44}},"34":{"start":{"line":35,"column":0},"end":{"line":35,"column":12}},"35":{"start":{"line":36,"column":0},"end":{"line":36,"column":66}},"36":{"start":{"line":37,"column":0},"end":{"line":37,"column":68}},"37":{"start":{"line":38,"column":0},"end":{"line":38,"column":80}},"38":{"start":{"line":39,"column":0},"end":{"line":39,"column":38}},"39":{"start":{"line":40,"column":0},"end":{"line":40,"column":17}},"40":{"start":{"line":41,"column":0},"end":{"line":41,"column":50}},"41":{"start":{"line":42,"column":0},"end":{"line":42,"column":51}},"42":{"start":{"line":43,"column":0},"end":{"line":43,"column":42}},"43":{"start":{"line":44,"column":0},"end":{"line":44,"column":9}},"44":{"start":{"line":45,"column":0},"end":{"line":45,"column":14}},"45":{"start":{"line":46,"column":0},"end":{"line":46,"column":48}},"46":{"start":{"line":47,"column":0},"end":{"line":47,"column":40}},"47":{"start":{"line":48,"column":0},"end":{"line":48,"column":7}},"48":{"start":{"line":49,"column":0},"end":{"line":49,"column":5}},"50":{"start":{"line":51,"column":0},"end":{"line":51,"column":33}},"51":{"start":{"line":52,"column":0},"end":{"line":52,"column":4}},"52":{"start":{"line":53,"column":0},"end":{"line":53,"column":2}},"54":{"start":{"line":55,"column":0},"end":{"line":55,"column":19}}},"s":{"0":1,"3":1,"5":1,"6":1,"7":1,"8":1,"9":1,"10":1,"12":1,"13":2,"14":2,"15":1,"16":1,"17":2,"18":2,"20":1,"21":1,"22":1,"23":4,"25":4,"26":2,"28":2,"29":2,"30":1,"31":1,"32":1,"33":1,"34":1,"35":0,"36":0,"37":0,"38":0,"39":1,"40":1,"41":1,"42":1,"43":1,"44":1,"45":1,"46":1,"47":1,"48":2,"50":4,"51":4,"52":1,"54":1},"branchMap":{"0":{"type":"branch","line":13,"loc":{"start":{"line":13,"column":29},"end":{"line":19,"column":3}},"locations":[{"start":{"line":13,"column":29},"end":{"line":19,"column":3}}]},"1":{"type":"branch","line":15,"loc":{"start":{"line":15,"column":13},"end":{"line":17,"column":3}},"locations":[{"start":{"line":15,"column":13},"end":{"line":17,"column":3}}]},"2":{"type":"branch","line":22,"loc":{"start":{"line":22,"column":2},"end":{"line":22,"column":25}},"locations":[{"start":{"line":22,"column":2},"end":{"line":22,"column":25}}]},"3":{"type":"branch","line":23,"loc":{"start":{"line":23,"column":2},"end":{"line":52,"column":4}},"locations":[{"start":{"line":23,"column":2},"end":{"line":52,"column":4}}]},"4":{"type":"branch","line":26,"loc":{"start":{"line":26,"column":35},"end":{"line":26,"column":67}},"locations":[{"start":{"line":26,"column":35},"end":{"line":26,"column":67}}]},"5":{"type":"branch","line":26,"loc":{"start":{"line":26,"column":67},"end":{"line":49,"column":5}},"locations":[{"start":{"line":26,"column":67},"end":{"line":49,"column":5}}]},"6":{"type":"branch","line":30,"loc":{"start":{"line":30,"column":24},"end":{"line":48,"column":7}},"locations":[{"start":{"line":30,"column":24},"end":{"line":48,"column":7}}]},"7":{"type":"branch","line":35,"loc":{"start":{"line":35,"column":10},"end":{"line":40,"column":16}},"locations":[{"start":{"line":35,"column":10},"end":{"line":40,"column":16}}]}},"b":{"0":[2],"1":[1],"2":[1],"3":[4],"4":[3],"5":[2],"6":[1],"7":[0]},"fnMap":{"0":{"name":"api.interceptors.response.use.originalRequest","decl":{"start":{"line":22,"column":2},"end":{"line":22,"column":25}},"loc":{"start":{"line":22,"column":2},"end":{"line":22,"column":25}},"line":22}},"f":{"0":1}}
,"/home/talentwell/symphony-workspaces/ENG-86/apps/web/src/types/index.ts": {"path":"/home/talentwell/symphony-workspaces/ENG-86/apps/web/src/types/index.ts","all":false,"statementMap":{"0":{"start":{"line":1,"column":0},"end":{"line":1,"column":24}},"3":{"start":{"line":4,"column":0},"end":{"line":4,"column":25}},"4":{"start":{"line":5,"column":0},"end":{"line":5,"column":17}},"5":{"start":{"line":6,"column":0},"end":{"line":6,"column":19}},"6":{"start":{"line":7,"column":0},"end":{"line":7,"column":11}},"9":{"start":{"line":10,"column":0},"end":{"line":10,"column":27}},"10":{"start":{"line":11,"column":0},"end":{"line":11,"column":15}},"11":{"start":{"line":12,"column":0},"end":{"line":12,"column":29}},"12":{"start":{"line":13,"column":0},"end":{"line":13,"column":15}},"13":{"start":{"line":14,"column":0},"end":{"line":14,"column":25}},"14":{"start":{"line":15,"column":0},"end":{"line":15,"column":11}},"17":{"start":{"line":18,"column":0},"end":{"line":18,"column":29}},"18":{"start":{"line":19,"column":0},"end":{"line":19,"column":13}},"19":{"start":{"line":20,"column":0},"end":{"line":20,"column":19}},"20":{"start":{"line":21,"column":0},"end":{"line":21,"column":15}},"21":{"start":{"line":22,"column":0},"end":{"line":22,"column":19}},"22":{"start":{"line":23,"column":0},"end":{"line":23,"column":11}},"26":{"start":{"line":27,"column":0},"end":{"line":27,"column":37}},"27":{"start":{"line":28,"column":0},"end":{"line":28,"column":44}},"28":{"start":{"line":29,"column":0},"end":{"line":29,"column":80}},"29":{"start":{"line":30,"column":0},"end":{"line":30,"column":3}},"32":{"start":{"line":33,"column":0},"end":{"line":33,"column":40}},"33":{"start":{"line":34,"column":0},"end":{"line":34,"column":44}},"34":{"start":{"line":35,"column":0},"end":{"line":35,"column":54}},"35":{"start":{"line":36,"column":0},"end":{"line":36,"column":80}},"36":{"start":{"line":37,"column":0},"end":{"line":37,"column":3}},"39":{"start":{"line":40,"column":0},"end":{"line":40,"column":40}},"40":{"start":{"line":41,"column":0},"end":{"line":41,"column":10}},"41":{"start":{"line":42,"column":0},"end":{"line":42,"column":13}},"42":{"start":{"line":43,"column":0},"end":{"line":43,"column":39}},"43":{"start":{"line":44,"column":0},"end":{"line":44,"column":59}},"44":{"start":{"line":45,"column":0},"end":{"line":45,"column":37}},"45":{"start":{"line":46,"column":0},"end":{"line":46,"column":74}},"46":{"start":{"line":47,"column":0},"end":{"line":47,"column":79}},"47":{"start":{"line":48,"column":0},"end":{"line":48,"column":34}},"48":{"start":{"line":49,"column":0},"end":{"line":49,"column":55}},"49":{"start":{"line":50,"column":0},"end":{"line":50,"column":40}},"50":{"start":{"line":51,"column":0},"end":{"line":51,"column":3}},"53":{"start":{"line":54,"column":0},"end":{"line":54,"column":43}},"54":{"start":{"line":55,"column":0},"end":{"line":55,"column":67}},"55":{"start":{"line":56,"column":0},"end":{"line":56,"column":3}}},"s":{"0":1,"3":1,"4":1,"5":1,"6":1,"9":1,"10":1,"11":1,"12":1,"13":1,"14":1,"17":1,"18":1,"19":1,"20":1,"21":1,"22":1,"26":1,"27":1,"28":1,"29":1,"32":1,"33":1,"34":1,"35":1,"36":1,"39":1,"40":1,"41":1,"42":1,"43":1,"44":1,"45":1,"46":1,"47":1,"48":1,"49":1,"50":1,"53":1,"54":1,"55":1},"branchMap":{},"b":{},"fnMap":{},"f":{}}
}
